system   D            wsystem.c:583  maybe_parent_dir                 [   0.00046] Also searching C:\Users\Student\AI_Assignment1\GameAI\steering\
system   D            wsystem.c:633  _al_win_safe_load_library        [   0.00071] PathFindOnPath found: C:\Windows\system32\d3d9.dll
system   D            wsystem.c:544  load_library_at_path             [   0.00074] Calling LoadLibrary C:\Windows\system32\d3d9.dll
system   I            wsystem.c:547  load_library_at_path             [   0.00495] Loaded C:\Windows\system32\d3d9.dll
d3d      I         d3d_disp.cpp:696  _al_d3d_init_display             [   0.03855] Render-to-texture: 1
system   I             system.c:252  al_install_system                [   0.03862] Allegro version: 5.0.10
d3d      I         d3d_disp.cpp:1737 d3d_create_display_locked        [   0.03922] faux_fullscreen=0
d3d      D         d3d_disp.cpp:1738 d3d_create_display_locked        [   0.03923] al_display=02757068
d3d      D         d3d_disp.cpp:1739 d3d_create_display_locked        [   0.03924] al_display->vt=006D1788
d3d      I d3d_display_formats.cpp:144  _al_d3d_generate_display_format_list [   0.04039] found 288 format combinations
display  D   display_settings.c:191  debug_display_settings           [   0.04042] color: 32 (rgba 8880), depth: 0, stencil: 0, acc: 0000, samples: 0/0
display  D   display_settings.c:506  _al_score_display_settings       [   0.04043] Score is : 897
display  D   display_settings.c:191  debug_display_settings           [   0.04044] color: 32 (rgba 8880), depth: 0, stencil: 0, acc: 0000, samples: 0/0
display  D   display_settings.c:506  _al_score_display_settings       [   0.04045] Score is : 897
display  D   display_settings.c:191  debug_display_settings           [   0.04046] color: 32 (rgba 8880), depth: 0, stencil: 0, acc: 0000, samples: 2/1
display  D   display_settings.c:506  _al_score_display_settings       [   0.04047] Score is : 726
display  D   display_settings.c:191  debug_display_settings           [   0.04048] color: 32 (rgba 8880), depth: 0, stencil: 0, acc: 0000, samples: 3/1
display  D   display_settings.c:506  _al_score_display_settings       [   0.04049] Score is : 721
display  D   display_settings.c:191  debug_display_settings           [   0.04050] color: 32 (rgba 8880), depth: 0, stencil: 0, acc: 0000, samples: 4/1
display  D   display_settings.c:506  _al_score_display_settings       [   0.04051] Score is : 717
display  D   display_settings.c:191  debug_display_settings           [   0.04052] color: 32 (rgba 8880), depth: 0, stencil: 0, acc: 0000, samples: 5/1
display  D   display_settings.c:506  _al_score_display_settings       [   0.04053] Score is : 715
display  D   display_settings.c:191  debug_display_settings           [   0.04053] color: 32 (rgba 8880), depth: 0, stencil: 0, acc: 0000, samples: 6/1
display  D   display_settings.c:506  _al_score_display_settings       [   0.04054] Score is : 714
display  D   display_settings.c:191  debug_display_settings           [   0.04055] color: 32 (rgba 8880), depth: 0, stencil: 0, acc: 0000, samples: 7/1
display  D   display_settings.c:506  _al_score_display_settings       [   0.04056] Score is : 713
display  D   display_settings.c:191  debug_display_settings           [   0.04057] color: 32 (rgba 8880), depth: 0, stencil: 0, acc: 0000, samples: 8/1
display  D   display_settings.c:506  _al_score_display_settings       [   0.04058] Score is : 712
display  D   display_settings.c:191  debug_display_settings           [   0.04059] color: 32 (rgba 8880), depth: 24, stencil: 8, acc: 0000, samples: 0/0
display  D   display_settings.c:506  _al_score_display_settings       [   0.04060] Score is : 897
display  D   display_settings.c:191  debug_display_settings           [   0.04061] color: 32 (rgba 8880), depth: 24, stencil: 8, acc: 0000, samples: 0/0
display  D   display_settings.c:506  _al_score_display_settings       [   0.04062] Score is : 897
display  D   display_settings.c:191  debug_display_settings           [   0.04062] color: 32 (rgba 8880), depth: 24, stencil: 8, acc: 0000, samples: 2/1
display  D   display_settings.c:506  _al_score_display_settings       [   0.04066] Score is : 726
display  D   display_settings.c:191  debug_display_settings           [   0.04067] color: 32 (rgba 8880), depth: 24, stencil: 8, acc: 0000, samples: 3/1
display  D   display_settings.c:506  _al_score_display_settings       [   0.04068] Score is : 721
display  D   display_settings.c:191  debug_display_settings           [   0.04069] color: 32 (rgba 8880), depth: 24, stencil: 8, acc: 0000, samples: 4/1
display  D   display_settings.c:506  _al_score_display_settings       [   0.04070] Score is : 717
display  D   display_settings.c:191  debug_display_settings           [   0.04070] color: 32 (rgba 8880), depth: 24, stencil: 8, acc: 0000, samples: 5/1
display  D   display_settings.c:506  _al_score_display_settings       [   0.04072] Score is : 715
display  D   display_settings.c:191  debug_display_settings           [   0.04072] color: 32 (rgba 8880), depth: 24, stencil: 8, acc: 0000, samples: 6/1
display  D   display_settings.c:506  _al_score_display_settings       [   0.04073] Score is : 714
display  D   display_settings.c:191  debug_display_settings           [   0.04074] color: 32 (rgba 8880), depth: 24, stencil: 8, acc: 0000, samples: 7/1
display  D   display_settings.c:506  _al_score_display_settings       [   0.04075] Score is : 713
display  D   display_settings.c:191  debug_display_settings           [   0.04076] color: 32 (rgba 8880), depth: 24, stencil: 8, acc: 0000, samples: 8/1
display  D   display_settings.c:506  _al_score_display_settings       [   0.04077] Score is : 712
display  D   display_settings.c:191  debug_display_settings           [   0.04078] color: 32 (rgba 8880), depth: 24, stencil: 0, acc: 0000, samples: 0/0
display  D   display_settings.c:506  _al_score_display_settings       [   0.04079] Score is : 897
display  D   display_settings.c:191  debug_display_settings           [   0.04080] color: 32 (rgba 8880), depth: 24, stencil: 0, acc: 0000, samples: 0/0
display  D   display_settings.c:506  _al_score_display_settings       [   0.04081] Score is : 897
display  D   display_settings.c:191  debug_display_settings           [   0.04081] color: 32 (rgba 8880), depth: 24, stencil: 0, acc: 0000, samples: 2/1
display  D   display_settings.c:506  _al_score_display_settings       [   0.04082] Score is : 726
display  D   display_settings.c:191  debug_display_settings           [   0.04083] color: 32 (rgba 8880), depth: 24, stencil: 0, acc: 0000, samples: 3/1
display  D   display_settings.c:506  _al_score_display_settings       [   0.04084] Score is : 721
display  D   display_settings.c:191  debug_display_settings           [   0.04085] color: 32 (rgba 8880), depth: 24, stencil: 0, acc: 0000, samples: 4/1
display  D   display_settings.c:506  _al_score_display_settings       [   0.04086] Score is : 717
display  D   display_settings.c:191  debug_display_settings           [   0.04087] color: 32 (rgba 8880), depth: 24, stencil: 0, acc: 0000, samples: 5/1
display  D   display_settings.c:506  _al_score_display_settings       [   0.04088] Score is : 715
display  D   display_settings.c:191  debug_display_settings           [   0.04089] color: 32 (rgba 8880), depth: 24, stencil: 0, acc: 0000, samples: 6/1
display  D   display_settings.c:506  _al_score_display_settings       [   0.04090] Score is : 714
display  D   display_settings.c:191  debug_display_settings           [   0.04090] color: 32 (rgba 8880), depth: 24, stencil: 0, acc: 0000, samples: 7/1
display  D   display_settings.c:506  _al_score_display_settings       [   0.04091] Score is : 713
display  D   display_settings.c:191  debug_display_settings           [   0.04092] color: 32 (rgba 8880), depth: 24, stencil: 0, acc: 0000, samples: 8/1
display  D   display_settings.c:506  _al_score_display_settings       [   0.04093] Score is : 712
display  D   display_settings.c:191  debug_display_settings           [   0.04094] color: 32 (rgba 8880), depth: 16, stencil: 0, acc: 0000, samples: 0/0
display  D   display_settings.c:506  _al_score_display_settings       [   0.04095] Score is : 897
display  D   display_settings.c:191  debug_display_settings           [   0.04097] color: 32 (rgba 8880), depth: 16, stencil: 0, acc: 0000, samples: 0/0
display  D   display_settings.c:506  _al_score_display_settings       [   0.04099] Score is : 897
display  D   display_settings.c:191  debug_display_settings           [   0.04099] color: 32 (rgba 8880), depth: 16, stencil: 0, acc: 0000, samples: 2/1
display  D   display_settings.c:506  _al_score_display_settings       [   0.04100] Score is : 726
display  D   display_settings.c:191  debug_display_settings           [   0.04101] color: 32 (rgba 8880), depth: 16, stencil: 0, acc: 0000, samples: 3/1
display  D   display_settings.c:506  _al_score_display_settings       [   0.04102] Score is : 721
display  D   display_settings.c:191  debug_display_settings           [   0.04103] color: 32 (rgba 8880), depth: 16, stencil: 0, acc: 0000, samples: 4/1
display  D   display_settings.c:506  _al_score_display_settings       [   0.04104] Score is : 717
display  D   display_settings.c:191  debug_display_settings           [   0.04105] color: 32 (rgba 8880), depth: 16, stencil: 0, acc: 0000, samples: 5/1
display  D   display_settings.c:506  _al_score_display_settings       [   0.04106] Score is : 715
display  D   display_settings.c:191  debug_display_settings           [   0.04107] color: 32 (rgba 8880), depth: 16, stencil: 0, acc: 0000, samples: 6/1
display  D   display_settings.c:506  _al_score_display_settings       [   0.04108] Score is : 714
display  D   display_settings.c:191  debug_display_settings           [   0.04108] color: 32 (rgba 8880), depth: 16, stencil: 0, acc: 0000, samples: 7/1
display  D   display_settings.c:506  _al_score_display_settings       [   0.04109] Score is : 713
display  D   display_settings.c:191  debug_display_settings           [   0.04110] color: 32 (rgba 8880), depth: 16, stencil: 0, acc: 0000, samples: 8/1
display  D   display_settings.c:506  _al_score_display_settings       [   0.04111] Score is : 712
display  D   display_settings.c:191  debug_display_settings           [   0.04112] color: 16 (rgba 5650), depth: 0, stencil: 0, acc: 0000, samples: 0/0
display  D   display_settings.c:506  _al_score_display_settings       [   0.04113] Score is : 897
display  D   display_settings.c:191  debug_display_settings           [   0.04114] color: 16 (rgba 5650), depth: 0, stencil: 0, acc: 0000, samples: 0/0
display  D   display_settings.c:506  _al_score_display_settings       [   0.04115] Score is : 897
display  D   display_settings.c:191  debug_display_settings           [   0.04116] color: 16 (rgba 5650), depth: 0, stencil: 0, acc: 0000, samples: 2/1
display  D   display_settings.c:506  _al_score_display_settings       [   0.04117] Score is : 726
display  D   display_settings.c:191  debug_display_settings           [   0.04117] color: 16 (rgba 5650), depth: 0, stencil: 0, acc: 0000, samples: 3/1
display  D   display_settings.c:506  _al_score_display_settings       [   0.04118] Score is : 721
display  D   display_settings.c:191  debug_display_settings           [   0.04119] color: 16 (rgba 5650), depth: 0, stencil: 0, acc: 0000, samples: 4/1
display  D   display_settings.c:506  _al_score_display_settings       [   0.04120] Score is : 717
display  D   display_settings.c:191  debug_display_settings           [   0.04121] color: 16 (rgba 5650), depth: 0, stencil: 0, acc: 0000, samples: 5/1
display  D   display_settings.c:506  _al_score_display_settings       [   0.04122] Score is : 715
display  D   display_settings.c:191  debug_display_settings           [   0.04123] color: 16 (rgba 5650), depth: 0, stencil: 0, acc: 0000, samples: 6/1
display  D   display_settings.c:506  _al_score_display_settings       [   0.04124] Score is : 714
display  D   display_settings.c:191  debug_display_settings           [   0.04124] color: 16 (rgba 5650), depth: 0, stencil: 0, acc: 0000, samples: 7/1
display  D   display_settings.c:506  _al_score_display_settings       [   0.04126] Score is : 713
display  D   display_settings.c:191  debug_display_settings           [   0.04126] color: 16 (rgba 5650), depth: 0, stencil: 0, acc: 0000, samples: 8/1
display  D   display_settings.c:506  _al_score_display_settings       [   0.04127] Score is : 712
display  D   display_settings.c:191  debug_display_settings           [   0.04128] color: 16 (rgba 5650), depth: 24, stencil: 8, acc: 0000, samples: 0/0
display  D   display_settings.c:506  _al_score_display_settings       [   0.04129] Score is : 897
display  D   display_settings.c:191  debug_display_settings           [   0.04130] color: 16 (rgba 5650), depth: 24, stencil: 8, acc: 0000, samples: 0/0
display  D   display_settings.c:506  _al_score_display_settings       [   0.04131] Score is : 897
display  D   display_settings.c:191  debug_display_settings           [   0.04132] color: 16 (rgba 5650), depth: 24, stencil: 8, acc: 0000, samples: 2/1
display  D   display_settings.c:506  _al_score_display_settings       [   0.04133] Score is : 726
display  D   display_settings.c:191  debug_display_settings           [   0.04134] color: 16 (rgba 5650), depth: 24, stencil: 8, acc: 0000, samples: 3/1
display  D   display_settings.c:506  _al_score_display_settings       [   0.04135] Score is : 721
display  D   display_settings.c:191  debug_display_settings           [   0.04135] color: 16 (rgba 5650), depth: 24, stencil: 8, acc: 0000, samples: 4/1
display  D   display_settings.c:506  _al_score_display_settings       [   0.04136] Score is : 717
display  D   display_settings.c:191  debug_display_settings           [   0.04137] color: 16 (rgba 5650), depth: 24, stencil: 8, acc: 0000, samples: 5/1
display  D   display_settings.c:506  _al_score_display_settings       [   0.04138] Score is : 715
display  D   display_settings.c:191  debug_display_settings           [   0.04139] color: 16 (rgba 5650), depth: 24, stencil: 8, acc: 0000, samples: 6/1
display  D   display_settings.c:506  _al_score_display_settings       [   0.04140] Score is : 714
display  D   display_settings.c:191  debug_display_settings           [   0.04141] color: 16 (rgba 5650), depth: 24, stencil: 8, acc: 0000, samples: 7/1
display  D   display_settings.c:506  _al_score_display_settings       [   0.04142] Score is : 713
display  D   display_settings.c:191  debug_display_settings           [   0.04143] color: 16 (rgba 5650), depth: 24, stencil: 8, acc: 0000, samples: 8/1
display  D   display_settings.c:506  _al_score_display_settings       [   0.04144] Score is : 712
display  D   display_settings.c:191  debug_display_settings           [   0.04144] color: 16 (rgba 5650), depth: 24, stencil: 0, acc: 0000, samples: 0/0
display  D   display_settings.c:506  _al_score_display_settings       [   0.04145] Score is : 897
display  D   display_settings.c:191  debug_display_settings           [   0.04146] color: 16 (rgba 5650), depth: 24, stencil: 0, acc: 0000, samples: 0/0
display  D   display_settings.c:506  _al_score_display_settings       [   0.04147] Score is : 897
display  D   display_settings.c:191  debug_display_settings           [   0.04148] color: 16 (rgba 5650), depth: 24, stencil: 0, acc: 0000, samples: 2/1
display  D   display_settings.c:506  _al_score_display_settings       [   0.04149] Score is : 726
display  D   display_settings.c:191  debug_display_settings           [   0.04150] color: 16 (rgba 5650), depth: 24, stencil: 0, acc: 0000, samples: 3/1
display  D   display_settings.c:506  _al_score_display_settings       [   0.04151] Score is : 721
display  D   display_settings.c:191  debug_display_settings           [   0.04151] color: 16 (rgba 5650), depth: 24, stencil: 0, acc: 0000, samples: 4/1
display  D   display_settings.c:506  _al_score_display_settings       [   0.04152] Score is : 717
display  D   display_settings.c:191  debug_display_settings           [   0.04153] color: 16 (rgba 5650), depth: 24, stencil: 0, acc: 0000, samples: 5/1
display  D   display_settings.c:506  _al_score_display_settings       [   0.04154] Score is : 715
display  D   display_settings.c:191  debug_display_settings           [   0.04155] color: 16 (rgba 5650), depth: 24, stencil: 0, acc: 0000, samples: 6/1
display  D   display_settings.c:506  _al_score_display_settings       [   0.04158] Score is : 714
display  D   display_settings.c:191  debug_display_settings           [   0.04159] color: 16 (rgba 5650), depth: 24, stencil: 0, acc: 0000, samples: 7/1
display  D   display_settings.c:506  _al_score_display_settings       [   0.04160] Score is : 713
display  D   display_settings.c:191  debug_display_settings           [   0.04161] color: 16 (rgba 5650), depth: 24, stencil: 0, acc: 0000, samples: 8/1
display  D   display_settings.c:506  _al_score_display_settings       [   0.04162] Score is : 712
display  D   display_settings.c:191  debug_display_settings           [   0.04162] color: 16 (rgba 5650), depth: 16, stencil: 0, acc: 0000, samples: 0/0
display  D   display_settings.c:506  _al_score_display_settings       [   0.04163] Score is : 897
display  D   display_settings.c:191  debug_display_settings           [   0.04164] color: 16 (rgba 5650), depth: 16, stencil: 0, acc: 0000, samples: 0/0
display  D   display_settings.c:506  _al_score_display_settings       [   0.04165] Score is : 897
display  D   display_settings.c:191  debug_display_settings           [   0.04166] color: 16 (rgba 5650), depth: 16, stencil: 0, acc: 0000, samples: 2/1
display  D   display_settings.c:506  _al_score_display_settings       [   0.04167] Score is : 726
display  D   display_settings.c:191  debug_display_settings           [   0.04168] color: 16 (rgba 5650), depth: 16, stencil: 0, acc: 0000, samples: 3/1
display  D   display_settings.c:506  _al_score_display_settings       [   0.04169] Score is : 721
display  D   display_settings.c:191  debug_display_settings           [   0.04170] color: 16 (rgba 5650), depth: 16, stencil: 0, acc: 0000, samples: 4/1
display  D   display_settings.c:506  _al_score_display_settings       [   0.04171] Score is : 717
display  D   display_settings.c:191  debug_display_settings           [   0.04171] color: 16 (rgba 5650), depth: 16, stencil: 0, acc: 0000, samples: 5/1
display  D   display_settings.c:506  _al_score_display_settings       [   0.04172] Score is : 715
display  D   display_settings.c:191  debug_display_settings           [   0.04173] color: 16 (rgba 5650), depth: 16, stencil: 0, acc: 0000, samples: 6/1
display  D   display_settings.c:506  _al_score_display_settings       [   0.04174] Score is : 714
display  D   display_settings.c:191  debug_display_settings           [   0.04175] color: 16 (rgba 5650), depth: 16, stencil: 0, acc: 0000, samples: 7/1
display  D   display_settings.c:506  _al_score_display_settings       [   0.04176] Score is : 713
display  D   display_settings.c:191  debug_display_settings           [   0.04177] color: 16 (rgba 5650), depth: 16, stencil: 0, acc: 0000, samples: 8/1
display  D   display_settings.c:506  _al_score_display_settings       [   0.04178] Score is : 712
display  D   display_settings.c:191  debug_display_settings           [   0.04179] color: 32 (rgba 8880), depth: 0, stencil: 0, acc: 0000, samples: 0/0
display  D   display_settings.c:377  _al_score_display_settings       [   0.04180] Single Buffer requirement not met.
display  D   display_settings.c:191  debug_display_settings           [   0.04180] color: 32 (rgba 8880), depth: 0, stencil: 0, acc: 0000, samples: 0/0
display  D   display_settings.c:377  _al_score_display_settings       [   0.04181] Single Buffer requirement not met.
display  D   display_settings.c:191  debug_display_settings           [   0.04182] color: 32 (rgba 8880), depth: 0, stencil: 0, acc: 0000, samples: 2/1
display  D   display_settings.c:377  _al_score_display_settings       [   0.04183] Single Buffer requirement not met.
display  D   display_settings.c:191  debug_display_settings           [   0.04184] color: 32 (rgba 8880), depth: 0, stencil: 0, acc: 0000, samples: 3/1
display  D   display_settings.c:377  _al_score_display_settings       [   0.04185] Single Buffer requirement not met.
display  D   display_settings.c:191  debug_display_settings           [   0.04186] color: 32 (rgba 8880), depth: 0, stencil: 0, acc: 0000, samples: 4/1
display  D   display_settings.c:377  _al_score_display_settings       [   0.04187] Single Buffer requirement not met.
display  D   display_settings.c:191  debug_display_settings           [   0.04188] color: 32 (rgba 8880), depth: 0, stencil: 0, acc: 0000, samples: 5/1
display  D   display_settings.c:377  _al_score_display_settings       [   0.04189] Single Buffer requirement not met.
display  D   display_settings.c:191  debug_display_settings           [   0.04190] color: 32 (rgba 8880), depth: 0, stencil: 0, acc: 0000, samples: 6/1
display  D   display_settings.c:377  _al_score_display_settings       [   0.04191] Single Buffer requirement not met.
display  D   display_settings.c:191  debug_display_settings           [   0.04191] color: 32 (rgba 8880), depth: 0, stencil: 0, acc: 0000, samples: 7/1
display  D   display_settings.c:377  _al_score_display_settings       [   0.04192] Single Buffer requirement not met.
display  D   display_settings.c:191  debug_display_settings           [   0.04193] color: 32 (rgba 8880), depth: 0, stencil: 0, acc: 0000, samples: 8/1
display  D   display_settings.c:377  _al_score_display_settings       [   0.04194] Single Buffer requirement not met.
display  D   display_settings.c:191  debug_display_settings           [   0.04195] color: 32 (rgba 8880), depth: 24, stencil: 8, acc: 0000, samples: 0/0
display  D   display_settings.c:377  _al_score_display_settings       [   0.04196] Single Buffer requirement not met.
display  D   display_settings.c:191  debug_display_settings           [   0.04197] color: 32 (rgba 8880), depth: 24, stencil: 8, acc: 0000, samples: 0/0
display  D   display_settings.c:377  _al_score_display_settings       [   0.04198] Single Buffer requirement not met.
display  D   display_settings.c:191  debug_display_settings           [   0.04199] color: 32 (rgba 8880), depth: 24, stencil: 8, acc: 0000, samples: 2/1
display  D   display_settings.c:377  _al_score_display_settings       [   0.04200] Single Buffer requirement not met.
display  D   display_settings.c:191  debug_display_settings           [   0.04201] color: 32 (rgba 8880), depth: 24, stencil: 8, acc: 0000, samples: 3/1
display  D   display_settings.c:377  _al_score_display_settings       [   0.04201] Single Buffer requirement not met.
display  D   display_settings.c:191  debug_display_settings           [   0.04202] color: 32 (rgba 8880), depth: 24, stencil: 8, acc: 0000, samples: 4/1
display  D   display_settings.c:377  _al_score_display_settings       [   0.04203] Single Buffer requirement not met.
display  D   display_settings.c:191  debug_display_settings           [   0.04204] color: 32 (rgba 8880), depth: 24, stencil: 8, acc: 0000, samples: 5/1
display  D   display_settings.c:377  _al_score_display_settings       [   0.04205] Single Buffer requirement not met.
display  D   display_settings.c:191  debug_display_settings           [   0.04206] color: 32 (rgba 8880), depth: 24, stencil: 8, acc: 0000, samples: 6/1
display  D   display_settings.c:377  _al_score_display_settings       [   0.04207] Single Buffer requirement not met.
display  D   display_settings.c:191  debug_display_settings           [   0.04208] color: 32 (rgba 8880), depth: 24, stencil: 8, acc: 0000, samples: 7/1
display  D   display_settings.c:377  _al_score_display_settings       [   0.04209] Single Buffer requirement not met.
display  D   display_settings.c:191  debug_display_settings           [   0.04209] color: 32 (rgba 8880), depth: 24, stencil: 8, acc: 0000, samples: 8/1
display  D   display_settings.c:377  _al_score_display_settings       [   0.04210] Single Buffer requirement not met.
display  D   display_settings.c:191  debug_display_settings           [   0.04211] color: 32 (rgba 8880), depth: 24, stencil: 0, acc: 0000, samples: 0/0
display  D   display_settings.c:377  _al_score_display_settings       [   0.04212] Single Buffer requirement not met.
display  D   display_settings.c:191  debug_display_settings           [   0.04213] color: 32 (rgba 8880), depth: 24, stencil: 0, acc: 0000, samples: 0/0
display  D   display_settings.c:377  _al_score_display_settings       [   0.04214] Single Buffer requirement not met.
display  D   display_settings.c:191  debug_display_settings           [   0.04215] color: 32 (rgba 8880), depth: 24, stencil: 0, acc: 0000, samples: 2/1
display  D   display_settings.c:377  _al_score_display_settings       [   0.04216] Single Buffer requirement not met.
display  D   display_settings.c:191  debug_display_settings           [   0.04217] color: 32 (rgba 8880), depth: 24, stencil: 0, acc: 0000, samples: 3/1
display  D   display_settings.c:377  _al_score_display_settings       [   0.04218] Single Buffer requirement not met.
display  D   display_settings.c:191  debug_display_settings           [   0.04219] color: 32 (rgba 8880), depth: 24, stencil: 0, acc: 0000, samples: 4/1
display  D   display_settings.c:377  _al_score_display_settings       [   0.04220] Single Buffer requirement not met.
display  D   display_settings.c:191  debug_display_settings           [   0.04220] color: 32 (rgba 8880), depth: 24, stencil: 0, acc: 0000, samples: 5/1
display  D   display_settings.c:377  _al_score_display_settings       [   0.04222] Single Buffer requirement not met.
display  D   display_settings.c:191  debug_display_settings           [   0.04222] color: 32 (rgba 8880), depth: 24, stencil: 0, acc: 0000, samples: 6/1
display  D   display_settings.c:377  _al_score_display_settings       [   0.04223] Single Buffer requirement not met.
display  D   display_settings.c:191  debug_display_settings           [   0.04224] color: 32 (rgba 8880), depth: 24, stencil: 0, acc: 0000, samples: 7/1
display  D   display_settings.c:377  _al_score_display_settings       [   0.04225] Single Buffer requirement not met.
display  D   display_settings.c:191  debug_display_settings           [   0.04226] color: 32 (rgba 8880), depth: 24, stencil: 0, acc: 0000, samples: 8/1
display  D   display_settings.c:377  _al_score_display_settings       [   0.04227] Single Buffer requirement not met.
display  D   display_settings.c:191  debug_display_settings           [   0.04228] color: 32 (rgba 8880), depth: 16, stencil: 0, acc: 0000, samples: 0/0
display  D   display_settings.c:377  _al_score_display_settings       [   0.04229] Single Buffer requirement not met.
display  D   display_settings.c:191  debug_display_settings           [   0.04230] color: 32 (rgba 8880), depth: 16, stencil: 0, acc: 0000, samples: 0/0
display  D   display_settings.c:377  _al_score_display_settings       [   0.04231] Single Buffer requirement not met.
display  D   display_settings.c:191  debug_display_settings           [   0.04231] color: 32 (rgba 8880), depth: 16, stencil: 0, acc: 0000, samples: 2/1
display  D   display_settings.c:377  _al_score_display_settings       [   0.04232] Single Buffer requirement not met.
display  D   display_settings.c:191  debug_display_settings           [   0.04233] color: 32 (rgba 8880), depth: 16, stencil: 0, acc: 0000, samples: 3/1
display  D   display_settings.c:377  _al_score_display_settings       [   0.04234] Single Buffer requirement not met.
display  D   display_settings.c:191  debug_display_settings           [   0.04235] color: 32 (rgba 8880), depth: 16, stencil: 0, acc: 0000, samples: 4/1
display  D   display_settings.c:377  _al_score_display_settings       [   0.04236] Single Buffer requirement not met.
display  D   display_settings.c:191  debug_display_settings           [   0.04237] color: 32 (rgba 8880), depth: 16, stencil: 0, acc: 0000, samples: 5/1
display  D   display_settings.c:377  _al_score_display_settings       [   0.04238] Single Buffer requirement not met.
display  D   display_settings.c:191  debug_display_settings           [   0.04239] color: 32 (rgba 8880), depth: 16, stencil: 0, acc: 0000, samples: 6/1
display  D   display_settings.c:377  _al_score_display_settings       [   0.04240] Single Buffer requirement not met.
display  D   display_settings.c:191  debug_display_settings           [   0.04240] color: 32 (rgba 8880), depth: 16, stencil: 0, acc: 0000, samples: 7/1
display  D   display_settings.c:377  _al_score_display_settings       [   0.04242] Single Buffer requirement not met.
display  D   display_settings.c:191  debug_display_settings           [   0.04243] color: 32 (rgba 8880), depth: 16, stencil: 0, acc: 0000, samples: 8/1
display  D   display_settings.c:377  _al_score_display_settings       [   0.04244] Single Buffer requirement not met.
display  D   display_settings.c:191  debug_display_settings           [   0.04244] color: 16 (rgba 5650), depth: 0, stencil: 0, acc: 0000, samples: 0/0
display  D   display_settings.c:377  _al_score_display_settings       [   0.04245] Single Buffer requirement not met.
display  D   display_settings.c:191  debug_display_settings           [   0.04246] color: 16 (rgba 5650), depth: 0, stencil: 0, acc: 0000, samples: 0/0
display  D   display_settings.c:377  _al_score_display_settings       [   0.04247] Single Buffer requirement not met.
display  D   display_settings.c:191  debug_display_settings           [   0.04248] color: 16 (rgba 5650), depth: 0, stencil: 0, acc: 0000, samples: 2/1
display  D   display_settings.c:377  _al_score_display_settings       [   0.04249] Single Buffer requirement not met.
display  D   display_settings.c:191  debug_display_settings           [   0.04250] color: 16 (rgba 5650), depth: 0, stencil: 0, acc: 0000, samples: 3/1
display  D   display_settings.c:377  _al_score_display_settings       [   0.04251] Single Buffer requirement not met.
display  D   display_settings.c:191  debug_display_settings           [   0.04252] color: 16 (rgba 5650), depth: 0, stencil: 0, acc: 0000, samples: 4/1
display  D   display_settings.c:377  _al_score_display_settings       [   0.04253] Single Buffer requirement not met.
display  D   display_settings.c:191  debug_display_settings           [   0.04253] color: 16 (rgba 5650), depth: 0, stencil: 0, acc: 0000, samples: 5/1
display  D   display_settings.c:377  _al_score_display_settings       [   0.04255] Single Buffer requirement not met.
display  D   display_settings.c:191  debug_display_settings           [   0.04255] color: 16 (rgba 5650), depth: 0, stencil: 0, acc: 0000, samples: 6/1
display  D   display_settings.c:377  _al_score_display_settings       [   0.04256] Single Buffer requirement not met.
display  D   display_settings.c:191  debug_display_settings           [   0.04257] color: 16 (rgba 5650), depth: 0, stencil: 0, acc: 0000, samples: 7/1
display  D   display_settings.c:377  _al_score_display_settings       [   0.04258] Single Buffer requirement not met.
display  D   display_settings.c:191  debug_display_settings           [   0.04259] color: 16 (rgba 5650), depth: 0, stencil: 0, acc: 0000, samples: 8/1
display  D   display_settings.c:377  _al_score_display_settings       [   0.04260] Single Buffer requirement not met.
display  D   display_settings.c:191  debug_display_settings           [   0.04261] color: 16 (rgba 5650), depth: 24, stencil: 8, acc: 0000, samples: 0/0
display  D   display_settings.c:377  _al_score_display_settings       [   0.04262] Single Buffer requirement not met.
display  D   display_settings.c:191  debug_display_settings           [   0.04263] color: 16 (rgba 5650), depth: 24, stencil: 8, acc: 0000, samples: 0/0
display  D   display_settings.c:377  _al_score_display_settings       [   0.04264] Single Buffer requirement not met.
display  D   display_settings.c:191  debug_display_settings           [   0.04264] color: 16 (rgba 5650), depth: 24, stencil: 8, acc: 0000, samples: 2/1
display  D   display_settings.c:377  _al_score_display_settings       [   0.04265] Single Buffer requirement not met.
display  D   display_settings.c:191  debug_display_settings           [   0.04266] color: 16 (rgba 5650), depth: 24, stencil: 8, acc: 0000, samples: 3/1
display  D   display_settings.c:377  _al_score_display_settings       [   0.04267] Single Buffer requirement not met.
display  D   display_settings.c:191  debug_display_settings           [   0.04268] color: 16 (rgba 5650), depth: 24, stencil: 8, acc: 0000, samples: 4/1
display  D   display_settings.c:377  _al_score_display_settings       [   0.04271] Single Buffer requirement not met.
display  D   display_settings.c:191  debug_display_settings           [   0.04272] color: 16 (rgba 5650), depth: 24, stencil: 8, acc: 0000, samples: 5/1
display  D   display_settings.c:377  _al_score_display_settings       [   0.04273] Single Buffer requirement not met.
display  D   display_settings.c:191  debug_display_settings           [   0.04274] color: 16 (rgba 5650), depth: 24, stencil: 8, acc: 0000, samples: 6/1
display  D   display_settings.c:377  _al_score_display_settings       [   0.04275] Single Buffer requirement not met.
display  D   display_settings.c:191  debug_display_settings           [   0.04276] color: 16 (rgba 5650), depth: 24, stencil: 8, acc: 0000, samples: 7/1
display  D   display_settings.c:377  _al_score_display_settings       [   0.04277] Single Buffer requirement not met.
display  D   display_settings.c:191  debug_display_settings           [   0.04278] color: 16 (rgba 5650), depth: 24, stencil: 8, acc: 0000, samples: 8/1
display  D   display_settings.c:377  _al_score_display_settings       [   0.04279] Single Buffer requirement not met.
display  D   display_settings.c:191  debug_display_settings           [   0.04279] color: 16 (rgba 5650), depth: 24, stencil: 0, acc: 0000, samples: 0/0
display  D   display_settings.c:377  _al_score_display_settings       [   0.04280] Single Buffer requirement not met.
display  D   display_settings.c:191  debug_display_settings           [   0.04281] color: 16 (rgba 5650), depth: 24, stencil: 0, acc: 0000, samples: 0/0
display  D   display_settings.c:377  _al_score_display_settings       [   0.04282] Single Buffer requirement not met.
display  D   display_settings.c:191  debug_display_settings           [   0.04283] color: 16 (rgba 5650), depth: 24, stencil: 0, acc: 0000, samples: 2/1
display  D   display_settings.c:377  _al_score_display_settings       [   0.04284] Single Buffer requirement not met.
display  D   display_settings.c:191  debug_display_settings           [   0.04285] color: 16 (rgba 5650), depth: 24, stencil: 0, acc: 0000, samples: 3/1
display  D   display_settings.c:377  _al_score_display_settings       [   0.04286] Single Buffer requirement not met.
display  D   display_settings.c:191  debug_display_settings           [   0.04287] color: 16 (rgba 5650), depth: 24, stencil: 0, acc: 0000, samples: 4/1
display  D   display_settings.c:377  _al_score_display_settings       [   0.04288] Single Buffer requirement not met.
display  D   display_settings.c:191  debug_display_settings           [   0.04289] color: 16 (rgba 5650), depth: 24, stencil: 0, acc: 0000, samples: 5/1
display  D   display_settings.c:377  _al_score_display_settings       [   0.04290] Single Buffer requirement not met.
display  D   display_settings.c:191  debug_display_settings           [   0.04290] color: 16 (rgba 5650), depth: 24, stencil: 0, acc: 0000, samples: 6/1
display  D   display_settings.c:377  _al_score_display_settings       [   0.04291] Single Buffer requirement not met.
display  D   display_settings.c:191  debug_display_settings           [   0.04292] color: 16 (rgba 5650), depth: 24, stencil: 0, acc: 0000, samples: 7/1
display  D   display_settings.c:377  _al_score_display_settings       [   0.04293] Single Buffer requirement not met.
display  D   display_settings.c:191  debug_display_settings           [   0.04294] color: 16 (rgba 5650), depth: 24, stencil: 0, acc: 0000, samples: 8/1
display  D   display_settings.c:377  _al_score_display_settings       [   0.04295] Single Buffer requirement not met.
display  D   display_settings.c:191  debug_display_settings           [   0.04296] color: 16 (rgba 5650), depth: 16, stencil: 0, acc: 0000, samples: 0/0
display  D   display_settings.c:377  _al_score_display_settings       [   0.04297] Single Buffer requirement not met.
display  D   display_settings.c:191  debug_display_settings           [   0.04298] color: 16 (rgba 5650), depth: 16, stencil: 0, acc: 0000, samples: 0/0
display  D   display_settings.c:377  _al_score_display_settings       [   0.04299] Single Buffer requirement not met.
display  D   display_settings.c:191  debug_display_settings           [   0.04301] color: 16 (rgba 5650), depth: 16, stencil: 0, acc: 0000, samples: 2/1
display  D   display_settings.c:377  _al_score_display_settings       [   0.04302] Single Buffer requirement not met.
display  D   display_settings.c:191  debug_display_settings           [   0.04303] color: 16 (rgba 5650), depth: 16, stencil: 0, acc: 0000, samples: 3/1
display  D   display_settings.c:377  _al_score_display_settings       [   0.04304] Single Buffer requirement not met.
display  D   display_settings.c:191  debug_display_settings           [   0.04304] color: 16 (rgba 5650), depth: 16, stencil: 0, acc: 0000, samples: 4/1
display  D   display_settings.c:377  _al_score_display_settings       [   0.04306] Single Buffer requirement not met.
display  D   display_settings.c:191  debug_display_settings           [   0.04306] color: 16 (rgba 5650), depth: 16, stencil: 0, acc: 0000, samples: 5/1
display  D   display_settings.c:377  _al_score_display_settings       [   0.04308] Single Buffer requirement not met.
display  D   display_settings.c:191  debug_display_settings           [   0.04309] color: 16 (rgba 5650), depth: 16, stencil: 0, acc: 0000, samples: 6/1
display  D   display_settings.c:377  _al_score_display_settings       [   0.04310] Single Buffer requirement not met.
display  D   display_settings.c:191  debug_display_settings           [   0.04311] color: 16 (rgba 5650), depth: 16, stencil: 0, acc: 0000, samples: 7/1
display  D   display_settings.c:377  _al_score_display_settings       [   0.04315] Single Buffer requirement not met.
display  D   display_settings.c:191  debug_display_settings           [   0.04316] color: 16 (rgba 5650), depth: 16, stencil: 0, acc: 0000, samples: 8/1
display  D   display_settings.c:377  _al_score_display_settings       [   0.04319] Single Buffer requirement not met.
display  D   display_settings.c:191  debug_display_settings           [   0.04320] color: 32 (rgba 8880), depth: 0, stencil: 0, acc: 0000, samples: 0/0
display  D   display_settings.c:506  _al_score_display_settings       [   0.04321] Score is : 769
display  D   display_settings.c:191  debug_display_settings           [   0.04322] color: 32 (rgba 8880), depth: 0, stencil: 0, acc: 0000, samples: 0/0
display  D   display_settings.c:506  _al_score_display_settings       [   0.04323] Score is : 769
display  D   display_settings.c:191  debug_display_settings           [   0.04324] color: 32 (rgba 8880), depth: 0, stencil: 0, acc: 0000, samples: 2/1
display  D   display_settings.c:506  _al_score_display_settings       [   0.04325] Score is : 598
display  D   display_settings.c:191  debug_display_settings           [   0.04326] color: 32 (rgba 8880), depth: 0, stencil: 0, acc: 0000, samples: 3/1
display  D   display_settings.c:506  _al_score_display_settings       [   0.04327] Score is : 593
display  D   display_settings.c:191  debug_display_settings           [   0.04328] color: 32 (rgba 8880), depth: 0, stencil: 0, acc: 0000, samples: 4/1
display  D   display_settings.c:506  _al_score_display_settings       [   0.04329] Score is : 589
display  D   display_settings.c:191  debug_display_settings           [   0.04330] color: 32 (rgba 8880), depth: 0, stencil: 0, acc: 0000, samples: 5/1
display  D   display_settings.c:506  _al_score_display_settings       [   0.04331] Score is : 587
display  D   display_settings.c:191  debug_display_settings           [   0.04331] color: 32 (rgba 8880), depth: 0, stencil: 0, acc: 0000, samples: 6/1
display  D   display_settings.c:506  _al_score_display_settings       [   0.04332] Score is : 586
display  D   display_settings.c:191  debug_display_settings           [   0.04333] color: 32 (rgba 8880), depth: 0, stencil: 0, acc: 0000, samples: 7/1
display  D   display_settings.c:506  _al_score_display_settings       [   0.04334] Score is : 585
display  D   display_settings.c:191  debug_display_settings           [   0.04336] color: 32 (rgba 8880), depth: 0, stencil: 0, acc: 0000, samples: 8/1
display  D   display_settings.c:506  _al_score_display_settings       [   0.04337] Score is : 584
display  D   display_settings.c:191  debug_display_settings           [   0.04338] color: 32 (rgba 8880), depth: 24, stencil: 8, acc: 0000, samples: 0/0
display  D   display_settings.c:506  _al_score_display_settings       [   0.04339] Score is : 769
display  D   display_settings.c:191  debug_display_settings           [   0.04340] color: 32 (rgba 8880), depth: 24, stencil: 8, acc: 0000, samples: 0/0
display  D   display_settings.c:506  _al_score_display_settings       [   0.04341] Score is : 769
display  D   display_settings.c:191  debug_display_settings           [   0.04341] color: 32 (rgba 8880), depth: 24, stencil: 8, acc: 0000, samples: 2/1
display  D   display_settings.c:506  _al_score_display_settings       [   0.04342] Score is : 598
display  D   display_settings.c:191  debug_display_settings           [   0.04343] color: 32 (rgba 8880), depth: 24, stencil: 8, acc: 0000, samples: 3/1
display  D   display_settings.c:506  _al_score_display_settings       [   0.04344] Score is : 593
display  D   display_settings.c:191  debug_display_settings           [   0.04345] color: 32 (rgba 8880), depth: 24, stencil: 8, acc: 0000, samples: 4/1
display  D   display_settings.c:506  _al_score_display_settings       [   0.04346] Score is : 589
display  D   display_settings.c:191  debug_display_settings           [   0.04347] color: 32 (rgba 8880), depth: 24, stencil: 8, acc: 0000, samples: 5/1
display  D   display_settings.c:506  _al_score_display_settings       [   0.04348] Score is : 587
display  D   display_settings.c:191  debug_display_settings           [   0.04349] color: 32 (rgba 8880), depth: 24, stencil: 8, acc: 0000, samples: 6/1
display  D   display_settings.c:506  _al_score_display_settings       [   0.04350] Score is : 586
display  D   display_settings.c:191  debug_display_settings           [   0.04350] color: 32 (rgba 8880), depth: 24, stencil: 8, acc: 0000, samples: 7/1
display  D   display_settings.c:506  _al_score_display_settings       [   0.04351] Score is : 585
display  D   display_settings.c:191  debug_display_settings           [   0.04352] color: 32 (rgba 8880), depth: 24, stencil: 8, acc: 0000, samples: 8/1
display  D   display_settings.c:506  _al_score_display_settings       [   0.04353] Score is : 584
display  D   display_settings.c:191  debug_display_settings           [   0.04354] color: 32 (rgba 8880), depth: 24, stencil: 0, acc: 0000, samples: 0/0
display  D   display_settings.c:506  _al_score_display_settings       [   0.04355] Score is : 769
display  D   display_settings.c:191  debug_display_settings           [   0.04356] color: 32 (rgba 8880), depth: 24, stencil: 0, acc: 0000, samples: 0/0
display  D   display_settings.c:506  _al_score_display_settings       [   0.04357] Score is : 769
display  D   display_settings.c:191  debug_display_settings           [   0.04357] color: 32 (rgba 8880), depth: 24, stencil: 0, acc: 0000, samples: 2/1
display  D   display_settings.c:506  _al_score_display_settings       [   0.04359] Score is : 598
display  D   display_settings.c:191  debug_display_settings           [   0.04359] color: 32 (rgba 8880), depth: 24, stencil: 0, acc: 0000, samples: 3/1
display  D   display_settings.c:506  _al_score_display_settings       [   0.04360] Score is : 593
display  D   display_settings.c:191  debug_display_settings           [   0.04361] color: 32 (rgba 8880), depth: 24, stencil: 0, acc: 0000, samples: 4/1
display  D   display_settings.c:506  _al_score_display_settings       [   0.04362] Score is : 589
display  D   display_settings.c:191  debug_display_settings           [   0.04363] color: 32 (rgba 8880), depth: 24, stencil: 0, acc: 0000, samples: 5/1
display  D   display_settings.c:506  _al_score_display_settings       [   0.04364] Score is : 587
display  D   display_settings.c:191  debug_display_settings           [   0.04365] color: 32 (rgba 8880), depth: 24, stencil: 0, acc: 0000, samples: 6/1
display  D   display_settings.c:506  _al_score_display_settings       [   0.04366] Score is : 586
display  D   display_settings.c:191  debug_display_settings           [   0.04367] color: 32 (rgba 8880), depth: 24, stencil: 0, acc: 0000, samples: 7/1
display  D   display_settings.c:506  _al_score_display_settings       [   0.04368] Score is : 585
display  D   display_settings.c:191  debug_display_settings           [   0.04368] color: 32 (rgba 8880), depth: 24, stencil: 0, acc: 0000, samples: 8/1
display  D   display_settings.c:506  _al_score_display_settings       [   0.04369] Score is : 584
display  D   display_settings.c:191  debug_display_settings           [   0.04370] color: 32 (rgba 8880), depth: 16, stencil: 0, acc: 0000, samples: 0/0
display  D   display_settings.c:506  _al_score_display_settings       [   0.04371] Score is : 769
display  D   display_settings.c:191  debug_display_settings           [   0.04372] color: 32 (rgba 8880), depth: 16, stencil: 0, acc: 0000, samples: 0/0
display  D   display_settings.c:506  _al_score_display_settings       [   0.04373] Score is : 769
display  D   display_settings.c:191  debug_display_settings           [   0.04374] color: 32 (rgba 8880), depth: 16, stencil: 0, acc: 0000, samples: 2/1
display  D   display_settings.c:506  _al_score_display_settings       [   0.04375] Score is : 598
display  D   display_settings.c:191  debug_display_settings           [   0.04376] color: 32 (rgba 8880), depth: 16, stencil: 0, acc: 0000, samples: 3/1
display  D   display_settings.c:506  _al_score_display_settings       [   0.04377] Score is : 593
display  D   display_settings.c:191  debug_display_settings           [   0.04377] color: 32 (rgba 8880), depth: 16, stencil: 0, acc: 0000, samples: 4/1
display  D   display_settings.c:506  _al_score_display_settings       [   0.04378] Score is : 589
display  D   display_settings.c:191  debug_display_settings           [   0.04379] color: 32 (rgba 8880), depth: 16, stencil: 0, acc: 0000, samples: 5/1
display  D   display_settings.c:506  _al_score_display_settings       [   0.04380] Score is : 587
display  D   display_settings.c:191  debug_display_settings           [   0.04381] color: 32 (rgba 8880), depth: 16, stencil: 0, acc: 0000, samples: 6/1
display  D   display_settings.c:506  _al_score_display_settings       [   0.04382] Score is : 586
display  D   display_settings.c:191  debug_display_settings           [   0.04383] color: 32 (rgba 8880), depth: 16, stencil: 0, acc: 0000, samples: 7/1
display  D   display_settings.c:506  _al_score_display_settings       [   0.04384] Score is : 585
display  D   display_settings.c:191  debug_display_settings           [   0.04385] color: 32 (rgba 8880), depth: 16, stencil: 0, acc: 0000, samples: 8/1
display  D   display_settings.c:506  _al_score_display_settings       [   0.04386] Score is : 584
display  D   display_settings.c:191  debug_display_settings           [   0.04386] color: 16 (rgba 5650), depth: 0, stencil: 0, acc: 0000, samples: 0/0
display  D   display_settings.c:506  _al_score_display_settings       [   0.04387] Score is : 769
display  D   display_settings.c:191  debug_display_settings           [   0.04388] color: 16 (rgba 5650), depth: 0, stencil: 0, acc: 0000, samples: 0/0
display  D   display_settings.c:506  _al_score_display_settings       [   0.04389] Score is : 769
display  D   display_settings.c:191  debug_display_settings           [   0.04390] color: 16 (rgba 5650), depth: 0, stencil: 0, acc: 0000, samples: 2/1
display  D   display_settings.c:506  _al_score_display_settings       [   0.04391] Score is : 598
display  D   display_settings.c:191  debug_display_settings           [   0.04392] color: 16 (rgba 5650), depth: 0, stencil: 0, acc: 0000, samples: 3/1
display  D   display_settings.c:506  _al_score_display_settings       [   0.04393] Score is : 593
display  D   display_settings.c:191  debug_display_settings           [   0.04394] color: 16 (rgba 5650), depth: 0, stencil: 0, acc: 0000, samples: 4/1
display  D   display_settings.c:506  _al_score_display_settings       [   0.04395] Score is : 589
display  D   display_settings.c:191  debug_display_settings           [   0.04395] color: 16 (rgba 5650), depth: 0, stencil: 0, acc: 0000, samples: 5/1
display  D   display_settings.c:506  _al_score_display_settings       [   0.04396] Score is : 587
display  D   display_settings.c:191  debug_display_settings           [   0.04397] color: 16 (rgba 5650), depth: 0, stencil: 0, acc: 0000, samples: 6/1
display  D   display_settings.c:506  _al_score_display_settings       [   0.04398] Score is : 586
display  D   display_settings.c:191  debug_display_settings           [   0.04399] color: 16 (rgba 5650), depth: 0, stencil: 0, acc: 0000, samples: 7/1
display  D   display_settings.c:506  _al_score_display_settings       [   0.04400] Score is : 585
display  D   display_settings.c:191  debug_display_settings           [   0.04401] color: 16 (rgba 5650), depth: 0, stencil: 0, acc: 0000, samples: 8/1
display  D   display_settings.c:506  _al_score_display_settings       [   0.04402] Score is : 584
display  D   display_settings.c:191  debug_display_settings           [   0.04403] color: 16 (rgba 5650), depth: 24, stencil: 8, acc: 0000, samples: 0/0
display  D   display_settings.c:506  _al_score_display_settings       [   0.04404] Score is : 769
display  D   display_settings.c:191  debug_display_settings           [   0.04404] color: 16 (rgba 5650), depth: 24, stencil: 8, acc: 0000, samples: 0/0
display  D   display_settings.c:506  _al_score_display_settings       [   0.04405] Score is : 769
display  D   display_settings.c:191  debug_display_settings           [   0.04406] color: 16 (rgba 5650), depth: 24, stencil: 8, acc: 0000, samples: 2/1
display  D   display_settings.c:506  _al_score_display_settings       [   0.04407] Score is : 598
display  D   display_settings.c:191  debug_display_settings           [   0.04408] color: 16 (rgba 5650), depth: 24, stencil: 8, acc: 0000, samples: 3/1
display  D   display_settings.c:506  _al_score_display_settings       [   0.04409] Score is : 593
display  D   display_settings.c:191  debug_display_settings           [   0.04410] color: 16 (rgba 5650), depth: 24, stencil: 8, acc: 0000, samples: 4/1
display  D   display_settings.c:506  _al_score_display_settings       [   0.04411] Score is : 589
display  D   display_settings.c:191  debug_display_settings           [   0.04412] color: 16 (rgba 5650), depth: 24, stencil: 8, acc: 0000, samples: 5/1
display  D   display_settings.c:506  _al_score_display_settings       [   0.04413] Score is : 587
display  D   display_settings.c:191  debug_display_settings           [   0.04414] color: 16 (rgba 5650), depth: 24, stencil: 8, acc: 0000, samples: 6/1
display  D   display_settings.c:506  _al_score_display_settings       [   0.04415] Score is : 586
display  D   display_settings.c:191  debug_display_settings           [   0.04415] color: 16 (rgba 5650), depth: 24, stencil: 8, acc: 0000, samples: 7/1
display  D   display_settings.c:506  _al_score_display_settings       [   0.04416] Score is : 585
display  D   display_settings.c:191  debug_display_settings           [   0.04417] color: 16 (rgba 5650), depth: 24, stencil: 8, acc: 0000, samples: 8/1
display  D   display_settings.c:506  _al_score_display_settings       [   0.04418] Score is : 584
display  D   display_settings.c:191  debug_display_settings           [   0.04419] color: 16 (rgba 5650), depth: 24, stencil: 0, acc: 0000, samples: 0/0
display  D   display_settings.c:506  _al_score_display_settings       [   0.04420] Score is : 769
display  D   display_settings.c:191  debug_display_settings           [   0.04421] color: 16 (rgba 5650), depth: 24, stencil: 0, acc: 0000, samples: 0/0
display  D   display_settings.c:506  _al_score_display_settings       [   0.04422] Score is : 769
display  D   display_settings.c:191  debug_display_settings           [   0.04423] color: 16 (rgba 5650), depth: 24, stencil: 0, acc: 0000, samples: 2/1
display  D   display_settings.c:506  _al_score_display_settings       [   0.04424] Score is : 598
display  D   display_settings.c:191  debug_display_settings           [   0.04424] color: 16 (rgba 5650), depth: 24, stencil: 0, acc: 0000, samples: 3/1
display  D   display_settings.c:506  _al_score_display_settings       [   0.04425] Score is : 593
display  D   display_settings.c:191  debug_display_settings           [   0.04426] color: 16 (rgba 5650), depth: 24, stencil: 0, acc: 0000, samples: 4/1
display  D   display_settings.c:506  _al_score_display_settings       [   0.04427] Score is : 589
display  D   display_settings.c:191  debug_display_settings           [   0.04428] color: 16 (rgba 5650), depth: 24, stencil: 0, acc: 0000, samples: 5/1
display  D   display_settings.c:506  _al_score_display_settings       [   0.04429] Score is : 587
display  D   display_settings.c:191  debug_display_settings           [   0.04430] color: 16 (rgba 5650), depth: 24, stencil: 0, acc: 0000, samples: 6/1
display  D   display_settings.c:506  _al_score_display_settings       [   0.04431] Score is : 586
display  D   display_settings.c:191  debug_display_settings           [   0.04432] color: 16 (rgba 5650), depth: 24, stencil: 0, acc: 0000, samples: 7/1
display  D   display_settings.c:506  _al_score_display_settings       [   0.04433] Score is : 585
display  D   display_settings.c:191  debug_display_settings           [   0.04433] color: 16 (rgba 5650), depth: 24, stencil: 0, acc: 0000, samples: 8/1
display  D   display_settings.c:506  _al_score_display_settings       [   0.04434] Score is : 584
display  D   display_settings.c:191  debug_display_settings           [   0.04435] color: 16 (rgba 5650), depth: 16, stencil: 0, acc: 0000, samples: 0/0
display  D   display_settings.c:506  _al_score_display_settings       [   0.04436] Score is : 769
display  D   display_settings.c:191  debug_display_settings           [   0.04437] color: 16 (rgba 5650), depth: 16, stencil: 0, acc: 0000, samples: 0/0
display  D   display_settings.c:506  _al_score_display_settings       [   0.04438] Score is : 769
display  D   display_settings.c:191  debug_display_settings           [   0.04439] color: 16 (rgba 5650), depth: 16, stencil: 0, acc: 0000, samples: 2/1
display  D   display_settings.c:506  _al_score_display_settings       [   0.04440] Score is : 598
display  D   display_settings.c:191  debug_display_settings           [   0.04441] color: 16 (rgba 5650), depth: 16, stencil: 0, acc: 0000, samples: 3/1
display  D   display_settings.c:506  _al_score_display_settings       [   0.04442] Score is : 593
display  D   display_settings.c:191  debug_display_settings           [   0.04442] color: 16 (rgba 5650), depth: 16, stencil: 0, acc: 0000, samples: 4/1
display  D   display_settings.c:506  _al_score_display_settings       [   0.04443] Score is : 589
display  D   display_settings.c:191  debug_display_settings           [   0.04444] color: 16 (rgba 5650), depth: 16, stencil: 0, acc: 0000, samples: 5/1
display  D   display_settings.c:506  _al_score_display_settings       [   0.04445] Score is : 587
display  D   display_settings.c:191  debug_display_settings           [   0.04446] color: 16 (rgba 5650), depth: 16, stencil: 0, acc: 0000, samples: 6/1
display  D   display_settings.c:506  _al_score_display_settings       [   0.04447] Score is : 586
display  D   display_settings.c:191  debug_display_settings           [   0.04448] color: 16 (rgba 5650), depth: 16, stencil: 0, acc: 0000, samples: 7/1
display  D   display_settings.c:506  _al_score_display_settings       [   0.04449] Score is : 585
display  D   display_settings.c:191  debug_display_settings           [   0.04449] color: 16 (rgba 5650), depth: 16, stencil: 0, acc: 0000, samples: 8/1
display  D   display_settings.c:506  _al_score_display_settings       [   0.04450] Score is : 584
display  D   display_settings.c:191  debug_display_settings           [   0.04451] color: 32 (rgba 8880), depth: 0, stencil: 0, acc: 0000, samples: 0/0
display  D   display_settings.c:377  _al_score_display_settings       [   0.04452] Single Buffer requirement not met.
display  D   display_settings.c:191  debug_display_settings           [   0.04453] color: 32 (rgba 8880), depth: 0, stencil: 0, acc: 0000, samples: 0/0
display  D   display_settings.c:377  _al_score_display_settings       [   0.04454] Single Buffer requirement not met.
display  D   display_settings.c:191  debug_display_settings           [   0.04455] color: 32 (rgba 8880), depth: 0, stencil: 0, acc: 0000, samples: 2/1
display  D   display_settings.c:377  _al_score_display_settings       [   0.04456] Single Buffer requirement not met.
display  D   display_settings.c:191  debug_display_settings           [   0.04457] color: 32 (rgba 8880), depth: 0, stencil: 0, acc: 0000, samples: 3/1
display  D   display_settings.c:377  _al_score_display_settings       [   0.04458] Single Buffer requirement not met.
display  D   display_settings.c:191  debug_display_settings           [   0.04459] color: 32 (rgba 8880), depth: 0, stencil: 0, acc: 0000, samples: 4/1
display  D   display_settings.c:377  _al_score_display_settings       [   0.04460] Single Buffer requirement not met.
display  D   display_settings.c:191  debug_display_settings           [   0.04460] color: 32 (rgba 8880), depth: 0, stencil: 0, acc: 0000, samples: 5/1
display  D   display_settings.c:377  _al_score_display_settings       [   0.04461] Single Buffer requirement not met.
display  D   display_settings.c:191  debug_display_settings           [   0.04462] color: 32 (rgba 8880), depth: 0, stencil: 0, acc: 0000, samples: 6/1
display  D   display_settings.c:377  _al_score_display_settings       [   0.04463] Single Buffer requirement not met.
display  D   display_settings.c:191  debug_display_settings           [   0.04464] color: 32 (rgba 8880), depth: 0, stencil: 0, acc: 0000, samples: 7/1
display  D   display_settings.c:377  _al_score_display_settings       [   0.04465] Single Buffer requirement not met.
display  D   display_settings.c:191  debug_display_settings           [   0.04466] color: 32 (rgba 8880), depth: 0, stencil: 0, acc: 0000, samples: 8/1
display  D   display_settings.c:377  _al_score_display_settings       [   0.04467] Single Buffer requirement not met.
display  D   display_settings.c:191  debug_display_settings           [   0.04468] color: 32 (rgba 8880), depth: 24, stencil: 8, acc: 0000, samples: 0/0
display  D   display_settings.c:377  _al_score_display_settings       [   0.04469] Single Buffer requirement not met.
display  D   display_settings.c:191  debug_display_settings           [   0.04470] color: 32 (rgba 8880), depth: 24, stencil: 8, acc: 0000, samples: 0/0
display  D   display_settings.c:377  _al_score_display_settings       [   0.04471] Single Buffer requirement not met.
display  D   display_settings.c:191  debug_display_settings           [   0.04471] color: 32 (rgba 8880), depth: 24, stencil: 8, acc: 0000, samples: 2/1
display  D   display_settings.c:377  _al_score_display_settings       [   0.04472] Single Buffer requirement not met.
display  D   display_settings.c:191  debug_display_settings           [   0.04473] color: 32 (rgba 8880), depth: 24, stencil: 8, acc: 0000, samples: 3/1
display  D   display_settings.c:377  _al_score_display_settings       [   0.04474] Single Buffer requirement not met.
display  D   display_settings.c:191  debug_display_settings           [   0.04475] color: 32 (rgba 8880), depth: 24, stencil: 8, acc: 0000, samples: 4/1
display  D   display_settings.c:377  _al_score_display_settings       [   0.04476] Single Buffer requirement not met.
display  D   display_settings.c:191  debug_display_settings           [   0.04477] color: 32 (rgba 8880), depth: 24, stencil: 8, acc: 0000, samples: 5/1
display  D   display_settings.c:377  _al_score_display_settings       [   0.04478] Single Buffer requirement not met.
display  D   display_settings.c:191  debug_display_settings           [   0.04479] color: 32 (rgba 8880), depth: 24, stencil: 8, acc: 0000, samples: 6/1
display  D   display_settings.c:377  _al_score_display_settings       [   0.04480] Single Buffer requirement not met.
display  D   display_settings.c:191  debug_display_settings           [   0.04481] color: 32 (rgba 8880), depth: 24, stencil: 8, acc: 0000, samples: 7/1
display  D   display_settings.c:377  _al_score_display_settings       [   0.04482] Single Buffer requirement not met.
display  D   display_settings.c:191  debug_display_settings           [   0.04482] color: 32 (rgba 8880), depth: 24, stencil: 8, acc: 0000, samples: 8/1
display  D   display_settings.c:377  _al_score_display_settings       [   0.04483] Single Buffer requirement not met.
display  D   display_settings.c:191  debug_display_settings           [   0.04484] color: 32 (rgba 8880), depth: 24, stencil: 0, acc: 0000, samples: 0/0
display  D   display_settings.c:377  _al_score_display_settings       [   0.04485] Single Buffer requirement not met.
display  D   display_settings.c:191  debug_display_settings           [   0.04486] color: 32 (rgba 8880), depth: 24, stencil: 0, acc: 0000, samples: 0/0
display  D   display_settings.c:377  _al_score_display_settings       [   0.04487] Single Buffer requirement not met.
display  D   display_settings.c:191  debug_display_settings           [   0.04488] color: 32 (rgba 8880), depth: 24, stencil: 0, acc: 0000, samples: 2/1
display  D   display_settings.c:377  _al_score_display_settings       [   0.04489] Single Buffer requirement not met.
display  D   display_settings.c:191  debug_display_settings           [   0.04490] color: 32 (rgba 8880), depth: 24, stencil: 0, acc: 0000, samples: 3/1
display  D   display_settings.c:377  _al_score_display_settings       [   0.04491] Single Buffer requirement not met.
display  D   display_settings.c:191  debug_display_settings           [   0.04491] color: 32 (rgba 8880), depth: 24, stencil: 0, acc: 0000, samples: 4/1
display  D   display_settings.c:377  _al_score_display_settings       [   0.04493] Single Buffer requirement not met.
display  D   display_settings.c:191  debug_display_settings           [   0.04493] color: 32 (rgba 8880), depth: 24, stencil: 0, acc: 0000, samples: 5/1
display  D   display_settings.c:377  _al_score_display_settings       [   0.04494] Single Buffer requirement not met.
display  D   display_settings.c:191  debug_display_settings           [   0.04495] color: 32 (rgba 8880), depth: 24, stencil: 0, acc: 0000, samples: 6/1
display  D   display_settings.c:377  _al_score_display_settings       [   0.04496] Single Buffer requirement not met.
display  D   display_settings.c:191  debug_display_settings           [   0.04497] color: 32 (rgba 8880), depth: 24, stencil: 0, acc: 0000, samples: 7/1
display  D   display_settings.c:377  _al_score_display_settings       [   0.04498] Single Buffer requirement not met.
display  D   display_settings.c:191  debug_display_settings           [   0.04499] color: 32 (rgba 8880), depth: 24, stencil: 0, acc: 0000, samples: 8/1
display  D   display_settings.c:377  _al_score_display_settings       [   0.04500] Single Buffer requirement not met.
display  D   display_settings.c:191  debug_display_settings           [   0.04501] color: 32 (rgba 8880), depth: 16, stencil: 0, acc: 0000, samples: 0/0
display  D   display_settings.c:377  _al_score_display_settings       [   0.04502] Single Buffer requirement not met.
display  D   display_settings.c:191  debug_display_settings           [   0.04502] color: 32 (rgba 8880), depth: 16, stencil: 0, acc: 0000, samples: 0/0
display  D   display_settings.c:377  _al_score_display_settings       [   0.04503] Single Buffer requirement not met.
display  D   display_settings.c:191  debug_display_settings           [   0.04504] color: 32 (rgba 8880), depth: 16, stencil: 0, acc: 0000, samples: 2/1
display  D   display_settings.c:377  _al_score_display_settings       [   0.04505] Single Buffer requirement not met.
display  D   display_settings.c:191  debug_display_settings           [   0.04506] color: 32 (rgba 8880), depth: 16, stencil: 0, acc: 0000, samples: 3/1
display  D   display_settings.c:377  _al_score_display_settings       [   0.04511] Single Buffer requirement not met.
display  D   display_settings.c:191  debug_display_settings           [   0.04512] color: 32 (rgba 8880), depth: 16, stencil: 0, acc: 0000, samples: 4/1
display  D   display_settings.c:377  _al_score_display_settings       [   0.04513] Single Buffer requirement not met.
display  D   display_settings.c:191  debug_display_settings           [   0.04514] color: 32 (rgba 8880), depth: 16, stencil: 0, acc: 0000, samples: 5/1
display  D   display_settings.c:377  _al_score_display_settings       [   0.04515] Single Buffer requirement not met.
display  D   display_settings.c:191  debug_display_settings           [   0.04516] color: 32 (rgba 8880), depth: 16, stencil: 0, acc: 0000, samples: 6/1
display  D   display_settings.c:377  _al_score_display_settings       [   0.04517] Single Buffer requirement not met.
display  D   display_settings.c:191  debug_display_settings           [   0.04518] color: 32 (rgba 8880), depth: 16, stencil: 0, acc: 0000, samples: 7/1
display  D   display_settings.c:377  _al_score_display_settings       [   0.04519] Single Buffer requirement not met.
display  D   display_settings.c:191  debug_display_settings           [   0.04520] color: 32 (rgba 8880), depth: 16, stencil: 0, acc: 0000, samples: 8/1
display  D   display_settings.c:377  _al_score_display_settings       [   0.04521] Single Buffer requirement not met.
display  D   display_settings.c:191  debug_display_settings           [   0.04521] color: 16 (rgba 5650), depth: 0, stencil: 0, acc: 0000, samples: 0/0
display  D   display_settings.c:377  _al_score_display_settings       [   0.04522] Single Buffer requirement not met.
display  D   display_settings.c:191  debug_display_settings           [   0.04523] color: 16 (rgba 5650), depth: 0, stencil: 0, acc: 0000, samples: 0/0
display  D   display_settings.c:377  _al_score_display_settings       [   0.04524] Single Buffer requirement not met.
display  D   display_settings.c:191  debug_display_settings           [   0.04525] color: 16 (rgba 5650), depth: 0, stencil: 0, acc: 0000, samples: 2/1
display  D   display_settings.c:377  _al_score_display_settings       [   0.04526] Single Buffer requirement not met.
display  D   display_settings.c:191  debug_display_settings           [   0.04527] color: 16 (rgba 5650), depth: 0, stencil: 0, acc: 0000, samples: 3/1
display  D   display_settings.c:377  _al_score_display_settings       [   0.04528] Single Buffer requirement not met.
display  D   display_settings.c:191  debug_display_settings           [   0.04529] color: 16 (rgba 5650), depth: 0, stencil: 0, acc: 0000, samples: 4/1
display  D   display_settings.c:377  _al_score_display_settings       [   0.04530] Single Buffer requirement not met.
display  D   display_settings.c:191  debug_display_settings           [   0.04531] color: 16 (rgba 5650), depth: 0, stencil: 0, acc: 0000, samples: 5/1
display  D   display_settings.c:377  _al_score_display_settings       [   0.04532] Single Buffer requirement not met.
display  D   display_settings.c:191  debug_display_settings           [   0.04532] color: 16 (rgba 5650), depth: 0, stencil: 0, acc: 0000, samples: 6/1
display  D   display_settings.c:377  _al_score_display_settings       [   0.04533] Single Buffer requirement not met.
display  D   display_settings.c:191  debug_display_settings           [   0.04534] color: 16 (rgba 5650), depth: 0, stencil: 0, acc: 0000, samples: 7/1
display  D   display_settings.c:377  _al_score_display_settings       [   0.04535] Single Buffer requirement not met.
display  D   display_settings.c:191  debug_display_settings           [   0.04536] color: 16 (rgba 5650), depth: 0, stencil: 0, acc: 0000, samples: 8/1
display  D   display_settings.c:377  _al_score_display_settings       [   0.04537] Single Buffer requirement not met.
display  D   display_settings.c:191  debug_display_settings           [   0.04538] color: 16 (rgba 5650), depth: 24, stencil: 8, acc: 0000, samples: 0/0
display  D   display_settings.c:377  _al_score_display_settings       [   0.04539] Single Buffer requirement not met.
display  D   display_settings.c:191  debug_display_settings           [   0.04540] color: 16 (rgba 5650), depth: 24, stencil: 8, acc: 0000, samples: 0/0
display  D   display_settings.c:377  _al_score_display_settings       [   0.04541] Single Buffer requirement not met.
display  D   display_settings.c:191  debug_display_settings           [   0.04542] color: 16 (rgba 5650), depth: 24, stencil: 8, acc: 0000, samples: 2/1
display  D   display_settings.c:377  _al_score_display_settings       [   0.04543] Single Buffer requirement not met.
display  D   display_settings.c:191  debug_display_settings           [   0.04544] color: 16 (rgba 5650), depth: 24, stencil: 8, acc: 0000, samples: 3/1
display  D   display_settings.c:377  _al_score_display_settings       [   0.04545] Single Buffer requirement not met.
display  D   display_settings.c:191  debug_display_settings           [   0.04545] color: 16 (rgba 5650), depth: 24, stencil: 8, acc: 0000, samples: 4/1
display  D   display_settings.c:377  _al_score_display_settings       [   0.04546] Single Buffer requirement not met.
display  D   display_settings.c:191  debug_display_settings           [   0.04547] color: 16 (rgba 5650), depth: 24, stencil: 8, acc: 0000, samples: 5/1
display  D   display_settings.c:377  _al_score_display_settings       [   0.04548] Single Buffer requirement not met.
display  D   display_settings.c:191  debug_display_settings           [   0.04549] color: 16 (rgba 5650), depth: 24, stencil: 8, acc: 0000, samples: 6/1
display  D   display_settings.c:377  _al_score_display_settings       [   0.04550] Single Buffer requirement not met.
display  D   display_settings.c:191  debug_display_settings           [   0.04551] color: 16 (rgba 5650), depth: 24, stencil: 8, acc: 0000, samples: 7/1
display  D   display_settings.c:377  _al_score_display_settings       [   0.04552] Single Buffer requirement not met.
display  D   display_settings.c:191  debug_display_settings           [   0.04553] color: 16 (rgba 5650), depth: 24, stencil: 8, acc: 0000, samples: 8/1
display  D   display_settings.c:377  _al_score_display_settings       [   0.04554] Single Buffer requirement not met.
display  D   display_settings.c:191  debug_display_settings           [   0.04555] color: 16 (rgba 5650), depth: 24, stencil: 0, acc: 0000, samples: 0/0
display  D   display_settings.c:377  _al_score_display_settings       [   0.04556] Single Buffer requirement not met.
display  D   display_settings.c:191  debug_display_settings           [   0.04556] color: 16 (rgba 5650), depth: 24, stencil: 0, acc: 0000, samples: 0/0
display  D   display_settings.c:377  _al_score_display_settings       [   0.04557] Single Buffer requirement not met.
display  D   display_settings.c:191  debug_display_settings           [   0.04558] color: 16 (rgba 5650), depth: 24, stencil: 0, acc: 0000, samples: 2/1
display  D   display_settings.c:377  _al_score_display_settings       [   0.04559] Single Buffer requirement not met.
display  D   display_settings.c:191  debug_display_settings           [   0.04560] color: 16 (rgba 5650), depth: 24, stencil: 0, acc: 0000, samples: 3/1
display  D   display_settings.c:377  _al_score_display_settings       [   0.04561] Single Buffer requirement not met.
display  D   display_settings.c:191  debug_display_settings           [   0.04562] color: 16 (rgba 5650), depth: 24, stencil: 0, acc: 0000, samples: 4/1
display  D   display_settings.c:377  _al_score_display_settings       [   0.04563] Single Buffer requirement not met.
display  D   display_settings.c:191  debug_display_settings           [   0.04564] color: 16 (rgba 5650), depth: 24, stencil: 0, acc: 0000, samples: 5/1
display  D   display_settings.c:377  _al_score_display_settings       [   0.04565] Single Buffer requirement not met.
display  D   display_settings.c:191  debug_display_settings           [   0.04565] color: 16 (rgba 5650), depth: 24, stencil: 0, acc: 0000, samples: 6/1
display  D   display_settings.c:377  _al_score_display_settings       [   0.04567] Single Buffer requirement not met.
display  D   display_settings.c:191  debug_display_settings           [   0.04567] color: 16 (rgba 5650), depth: 24, stencil: 0, acc: 0000, samples: 7/1
display  D   display_settings.c:377  _al_score_display_settings       [   0.04569] Single Buffer requirement not met.
display  D   display_settings.c:191  debug_display_settings           [   0.04569] color: 16 (rgba 5650), depth: 24, stencil: 0, acc: 0000, samples: 8/1
display  D   display_settings.c:377  _al_score_display_settings       [   0.04570] Single Buffer requirement not met.
display  D   display_settings.c:191  debug_display_settings           [   0.04571] color: 16 (rgba 5650), depth: 16, stencil: 0, acc: 0000, samples: 0/0
display  D   display_settings.c:377  _al_score_display_settings       [   0.04572] Single Buffer requirement not met.
display  D   display_settings.c:191  debug_display_settings           [   0.04573] color: 16 (rgba 5650), depth: 16, stencil: 0, acc: 0000, samples: 0/0
display  D   display_settings.c:377  _al_score_display_settings       [   0.04574] Single Buffer requirement not met.
display  D   display_settings.c:191  debug_display_settings           [   0.04575] color: 16 (rgba 5650), depth: 16, stencil: 0, acc: 0000, samples: 2/1
display  D   display_settings.c:377  _al_score_display_settings       [   0.04576] Single Buffer requirement not met.
display  D   display_settings.c:191  debug_display_settings           [   0.04577] color: 16 (rgba 5650), depth: 16, stencil: 0, acc: 0000, samples: 3/1
display  D   display_settings.c:377  _al_score_display_settings       [   0.04578] Single Buffer requirement not met.
display  D   display_settings.c:191  debug_display_settings           [   0.04578] color: 16 (rgba 5650), depth: 16, stencil: 0, acc: 0000, samples: 4/1
display  D   display_settings.c:377  _al_score_display_settings       [   0.04579] Single Buffer requirement not met.
display  D   display_settings.c:191  debug_display_settings           [   0.04580] color: 16 (rgba 5650), depth: 16, stencil: 0, acc: 0000, samples: 5/1
display  D   display_settings.c:377  _al_score_display_settings       [   0.04581] Single Buffer requirement not met.
display  D   display_settings.c:191  debug_display_settings           [   0.04582] color: 16 (rgba 5650), depth: 16, stencil: 0, acc: 0000, samples: 6/1
display  D   display_settings.c:377  _al_score_display_settings       [   0.04583] Single Buffer requirement not met.
display  D   display_settings.c:191  debug_display_settings           [   0.04584] color: 16 (rgba 5650), depth: 16, stencil: 0, acc: 0000, samples: 7/1
display  D   display_settings.c:377  _al_score_display_settings       [   0.04585] Single Buffer requirement not met.
display  D   display_settings.c:191  debug_display_settings           [   0.04586] color: 16 (rgba 5650), depth: 16, stencil: 0, acc: 0000, samples: 8/1
display  D   display_settings.c:377  _al_score_display_settings       [   0.04587] Single Buffer requirement not met.
d3d      D         d3d_disp.cpp:1645 d3d_create_display_internals     [   0.04593] Trying format 0.
d3d      I         d3d_disp.cpp:1326 d3d_display_thread_proc          [   0.04653] Chose a display format: 23
d3d      I         d3d_disp.cpp:1395 d3d_display_thread_proc          [   0.04655] Normal window.
d3d      I         d3d_disp.cpp:801  d3d_create_device                [   0.05282] Using no depth stencil buffer
d3d      D         d3d_disp.cpp:866  d3d_create_device                [   0.07540] BeginScene succeeded in create_device
d3d      D         d3d_disp.cpp:874  d3d_create_device                [   0.07543] Success
d3d      D         d3d_disp.cpp:1668 d3d_create_display_internals     [   0.07544] Resumed after wait.
d3d      I         d3d_disp.cpp:1701 d3d_create_display_internals     [   0.07550] Format 0 succeeded.
d3d      D         d3d_disp.cpp:1724 d3d_create_display_internals     [   0.07553] Returning d3d_display: 02757068
d3d      D         d3d_disp.cpp:1749 d3d_create_display_locked        [   0.07554] al_display=02757068
d3d      D         d3d_disp.cpp:1750 d3d_create_display_locked        [   0.07555] al_display->vt=006D1788
audio-dsound D           dsound.cpp:244  _dsound_open                     [   0.07740] Loading DirectSound module
system   D            wsystem.c:583  maybe_parent_dir                 [   0.07745] Also searching C:\Users\Student\AI_Assignment1\GameAI\steering\
system   D            wsystem.c:633  _al_win_safe_load_library        [   0.09560] PathFindOnPath found: C:\Windows\system32\dsound.dll
system   D            wsystem.c:544  load_library_at_path             [   0.09562] Calling LoadLibrary C:\Windows\system32\dsound.dll
system   I            wsystem.c:547  load_library_at_path             [   0.11128] Loaded C:\Windows\system32\dsound.dll
audio-dsound I           dsound.cpp:261  _dsound_open                     [   0.11156] Starting DirectSound...
audio-dsound D           dsound.cpp:271  _dsound_open                     [   0.16847] DirectSoundCreate8 succeeded
audio    I              audio.c:288  do_install_audio                 [   0.16918] Using DirectSound driver
audio-dsound D           dsound.cpp:306  _dsound_allocate_voice           [   0.16924] Allocating voice
audio-dsound D           dsound.cpp:365  _dsound_allocate_voice           [   0.16925] Allocated voice
dtor     D               dtor.c:184  _al_register_destructor          [   0.16927] added dtor for object 006B45B8, func 0FA7250E
dtor     D               dtor.c:184  _al_register_destructor          [   0.16929] added dtor for object 04A89720, func 0FA72919
audio-dsound D           dsound.cpp:462  _dsound_start_voice              [   0.16931] Starting voice
audio-dsound D           dsound.cpp:491  _dsound_start_voice              [   0.16932] CreateSoundBuffer
audio-dsound D           dsound.cpp:500  _dsound_start_voice              [   0.16987] CreateSoundBuffer succeeded
audio-dsound D           dsound.cpp:506  _dsound_start_voice              [   0.17022] Starting _dsound_update thread
audio-dsound I           dsound.cpp:516  _dsound_start_voice              [   0.17050] Voice started
dtor     D               dtor.c:184  _al_register_destructor          [   0.17053] added dtor for object 04A7CAA0, func 0FA723EC
audio    D          kcm_mixer.c:121  _al_rechannel_matrix             [   0.17056] sample matrix:
audio    D          kcm_mixer.c:127  _al_rechannel_matrix             [   0.17057] 
audio    D          kcm_mixer.c:127  _al_rechannel_matrix             [   0.17058] 
font     D                ttf.c:792  al_load_ttf_font_stretch_f       [   0.18683] Font cour.ttf loaded with pixel size 0 x 20.
font     D                ttf.c:794  al_load_ttf_font_stretch_f       [   0.18685]     ascent=17.0, descent=-6.0, height=23.0
dtor     D               dtor.c:184  _al_register_destructor          [   0.18686] added dtor for object 04A60538, func 0FA71B36
wav      I                wav.c:107  wav_open                         [   0.18700] Ignoring chunk: fact
dtor     D               dtor.c:184  _al_register_destructor          [   0.18703] added dtor for object 04A7B1A0, func 0FA72379
d3d      D         d3d_disp.cpp:1166 real_choose_bitmap_format        [   0.18755] Fake format
d3d      D         d3d_disp.cpp:1166 real_choose_bitmap_format        [   0.18757] Fake format
d3d      D         d3d_disp.cpp:1166 real_choose_bitmap_format        [   0.18757] Fake format
d3d      D         d3d_disp.cpp:1166 real_choose_bitmap_format        [   0.18758] Fake format
d3d      D         d3d_disp.cpp:1166 real_choose_bitmap_format        [   0.18759] Fake format
d3d      D         d3d_disp.cpp:1166 real_choose_bitmap_format        [   0.18760] Fake format
d3d      D         d3d_disp.cpp:1166 real_choose_bitmap_format        [   0.18760] Fake format
d3d      D         d3d_disp.cpp:1166 real_choose_bitmap_format        [   0.18761] Fake format
d3d      D         d3d_disp.cpp:1166 real_choose_bitmap_format        [   0.18762] Fake format
d3d      D         d3d_disp.cpp:1174 real_choose_bitmap_format        [   0.18763] Alpha doesn't match
d3d      D         d3d_disp.cpp:1181 real_choose_bitmap_format        [   0.18764] Adapter format is 23
d3d      D         d3d_disp.cpp:1184 real_choose_bitmap_format        [   0.18765] Found a format
d3d      I         d3d_disp.cpp:2283 _al_d3d_create_bitmap            [   0.18765] Chose bitmap format 9
dtor     D               dtor.c:184  _al_register_destructor          [   0.18883] added dtor for object 027FA3B8, func 0FA72590
d3d      D          d3d_bmp.cpp:467  _al_d3d_sync_bitmap              [   0.19697] _al_d3d_sync_bitmap (system) ref count == 1
d3d      D          d3d_bmp.cpp:473  _al_d3d_sync_bitmap              [   0.19699] _al_d3d_sync_bitmap (video) ref count == 1
d3d      D         d3d_disp.cpp:1166 real_choose_bitmap_format        [   0.40000] Fake format
d3d      D         d3d_disp.cpp:1166 real_choose_bitmap_format        [   0.40003] Fake format
d3d      D         d3d_disp.cpp:1166 real_choose_bitmap_format        [   0.40003] Fake format
d3d      D         d3d_disp.cpp:1166 real_choose_bitmap_format        [   0.40004] Fake format
d3d      D         d3d_disp.cpp:1166 real_choose_bitmap_format        [   0.40005] Fake format
d3d      D         d3d_disp.cpp:1166 real_choose_bitmap_format        [   0.40006] Fake format
d3d      D         d3d_disp.cpp:1166 real_choose_bitmap_format        [   0.40006] Fake format
d3d      D         d3d_disp.cpp:1166 real_choose_bitmap_format        [   0.40007] Fake format
d3d      D         d3d_disp.cpp:1166 real_choose_bitmap_format        [   0.40008] Fake format
d3d      D         d3d_disp.cpp:1174 real_choose_bitmap_format        [   0.40008] Alpha doesn't match
d3d      D         d3d_disp.cpp:1181 real_choose_bitmap_format        [   0.40009] Adapter format is 23
d3d      D         d3d_disp.cpp:1184 real_choose_bitmap_format        [   0.40010] Found a format
d3d      I         d3d_disp.cpp:2283 _al_d3d_create_bitmap            [   0.40011] Chose bitmap format 9
dtor     D               dtor.c:184  _al_register_destructor          [   0.40463] added dtor for object 027FA6B8, func 0FA72590
d3d      D          d3d_bmp.cpp:467  _al_d3d_sync_bitmap              [   0.40468] _al_d3d_sync_bitmap (system) ref count == 1
d3d      D          d3d_bmp.cpp:473  _al_d3d_sync_bitmap              [   0.40469] _al_d3d_sync_bitmap (video) ref count == 1
d3d      D         d3d_disp.cpp:1166 real_choose_bitmap_format        [   0.40756] Fake format
d3d      D         d3d_disp.cpp:1166 real_choose_bitmap_format        [   0.40758] Fake format
d3d      D         d3d_disp.cpp:1166 real_choose_bitmap_format        [   0.40759] Fake format
d3d      D         d3d_disp.cpp:1166 real_choose_bitmap_format        [   0.40759] Fake format
d3d      D         d3d_disp.cpp:1166 real_choose_bitmap_format        [   0.40760] Fake format
d3d      D         d3d_disp.cpp:1166 real_choose_bitmap_format        [   0.40761] Fake format
d3d      D         d3d_disp.cpp:1166 real_choose_bitmap_format        [   0.40762] Fake format
d3d      D         d3d_disp.cpp:1166 real_choose_bitmap_format        [   0.40762] Fake format
d3d      D         d3d_disp.cpp:1166 real_choose_bitmap_format        [   0.40763] Fake format
d3d      D         d3d_disp.cpp:1174 real_choose_bitmap_format        [   0.40764] Alpha doesn't match
d3d      D         d3d_disp.cpp:1181 real_choose_bitmap_format        [   0.40764] Adapter format is 23
d3d      D         d3d_disp.cpp:1184 real_choose_bitmap_format        [   0.40765] Found a format
d3d      I         d3d_disp.cpp:2283 _al_d3d_create_bitmap            [   0.40766] Chose bitmap format 9
dtor     D               dtor.c:184  _al_register_destructor          [   0.40784] added dtor for object 027FA7B8, func 0FA72590
d3d      D          d3d_bmp.cpp:467  _al_d3d_sync_bitmap              [   0.40787] _al_d3d_sync_bitmap (system) ref count == 1
d3d      D          d3d_bmp.cpp:473  _al_d3d_sync_bitmap              [   0.40788] _al_d3d_sync_bitmap (video) ref count == 1
d3d      D         d3d_disp.cpp:1166 real_choose_bitmap_format        [   0.43399] Fake format
d3d      D         d3d_disp.cpp:1166 real_choose_bitmap_format        [   0.43401] Fake format
d3d      D         d3d_disp.cpp:1166 real_choose_bitmap_format        [   0.43402] Fake format
d3d      D         d3d_disp.cpp:1166 real_choose_bitmap_format        [   0.43402] Fake format
d3d      D         d3d_disp.cpp:1166 real_choose_bitmap_format        [   0.43403] Fake format
d3d      D         d3d_disp.cpp:1166 real_choose_bitmap_format        [   0.43404] Fake format
d3d      D         d3d_disp.cpp:1166 real_choose_bitmap_format        [   0.43405] Fake format
d3d      D         d3d_disp.cpp:1166 real_choose_bitmap_format        [   0.43405] Fake format
d3d      D         d3d_disp.cpp:1166 real_choose_bitmap_format        [   0.43406] Fake format
d3d      D         d3d_disp.cpp:1174 real_choose_bitmap_format        [   0.43407] Alpha doesn't match
d3d      D         d3d_disp.cpp:1181 real_choose_bitmap_format        [   0.43407] Adapter format is 23
d3d      D         d3d_disp.cpp:1184 real_choose_bitmap_format        [   0.43408] Found a format
d3d      I         d3d_disp.cpp:2283 _al_d3d_create_bitmap            [   0.43409] Chose bitmap format 9
font     D                ttf.c:217  alloc_glyph_region               [   0.43551] Glyph 19: 11x15 (12x16)
d3d      D          d3d_bmp.cpp:467  _al_d3d_sync_bitmap              [   0.43562] _al_d3d_sync_bitmap (system) ref count == 1
d3d      D          d3d_bmp.cpp:473  _al_d3d_sync_bitmap              [   0.43564] _al_d3d_sync_bitmap (video) ref count == 2
font     D                ttf.c:217  alloc_glyph_region               [   0.43659] Glyph 29: 5x11 (8x12)
d3d      D          d3d_bmp.cpp:467  _al_d3d_sync_bitmap              [   0.43778] _al_d3d_sync_bitmap (system) ref count == 1
d3d      D          d3d_bmp.cpp:473  _al_d3d_sync_bitmap              [   0.43780] _al_d3d_sync_bitmap (video) ref count == 1
d3d      D          d3d_bmp.cpp:467  _al_d3d_sync_bitmap              [   0.43930] _al_d3d_sync_bitmap (system) ref count == 1
d3d      D          d3d_bmp.cpp:473  _al_d3d_sync_bitmap              [   0.43932] _al_d3d_sync_bitmap (video) ref count == 1
d3d      D          d3d_bmp.cpp:467  _al_d3d_sync_bitmap              [   0.43966] _al_d3d_sync_bitmap (system) ref count == 1
d3d      D          d3d_bmp.cpp:473  _al_d3d_sync_bitmap              [   0.43967] _al_d3d_sync_bitmap (video) ref count == 1
d3d      D          d3d_bmp.cpp:467  _al_d3d_sync_bitmap              [   0.43977] _al_d3d_sync_bitmap (system) ref count == 1
d3d      D          d3d_bmp.cpp:473  _al_d3d_sync_bitmap              [   0.43978] _al_d3d_sync_bitmap (video) ref count == 2
font     D                ttf.c:217  alloc_glyph_region               [   2.76100] Glyph 24: 10x15 (12x16)
d3d      D          d3d_bmp.cpp:467  _al_d3d_sync_bitmap              [   2.76104] _al_d3d_sync_bitmap (system) ref count == 1
d3d      D          d3d_bmp.cpp:473  _al_d3d_sync_bitmap              [   2.76105] _al_d3d_sync_bitmap (video) ref count == 2
font     D                ttf.c:217  alloc_glyph_region               [   2.76153] Glyph 22: 10x15 (12x16)
font     D                ttf.c:217  alloc_glyph_region               [   2.76158] Glyph 20: 10x16 (12x16)
d3d      D          d3d_bmp.cpp:467  _al_d3d_sync_bitmap              [   2.76180] _al_d3d_sync_bitmap (system) ref count == 1
d3d      D          d3d_bmp.cpp:473  _al_d3d_sync_bitmap              [   2.76181] _al_d3d_sync_bitmap (video) ref count == 2
font     D                ttf.c:217  alloc_glyph_region               [   2.79571] Glyph 23: 10x15 (12x16)
d3d      D          d3d_bmp.cpp:467  _al_d3d_sync_bitmap              [   2.79574] _al_d3d_sync_bitmap (system) ref count == 1
d3d      D          d3d_bmp.cpp:473  _al_d3d_sync_bitmap              [   2.79575] _al_d3d_sync_bitmap (video) ref count == 2
font     D                ttf.c:217  alloc_glyph_region               [   2.79635] Glyph 26: 10x15 (12x16)
d3d      D          d3d_bmp.cpp:467  _al_d3d_sync_bitmap              [   2.79659] _al_d3d_sync_bitmap (system) ref count == 1
d3d      D          d3d_bmp.cpp:473  _al_d3d_sync_bitmap              [   2.79660] _al_d3d_sync_bitmap (video) ref count == 2
font     D                ttf.c:217  alloc_glyph_region               [   2.83031] Glyph 21: 10x15 (12x16)
d3d      D          d3d_bmp.cpp:467  _al_d3d_sync_bitmap              [   2.83034] _al_d3d_sync_bitmap (system) ref count == 1
d3d      D          d3d_bmp.cpp:473  _al_d3d_sync_bitmap              [   2.83035] _al_d3d_sync_bitmap (video) ref count == 2
d3d      D          d3d_bmp.cpp:467  _al_d3d_sync_bitmap              [   2.83118] _al_d3d_sync_bitmap (system) ref count == 1
d3d      D          d3d_bmp.cpp:473  _al_d3d_sync_bitmap              [   2.83120] _al_d3d_sync_bitmap (video) ref count == 2
font     D                ttf.c:217  alloc_glyph_region               [   2.86487] Glyph 25: 12x15 (12x16)
d3d      D          d3d_bmp.cpp:467  _al_d3d_sync_bitmap              [   2.86490] _al_d3d_sync_bitmap (system) ref count == 1
d3d      D          d3d_bmp.cpp:473  _al_d3d_sync_bitmap              [   2.86491] _al_d3d_sync_bitmap (video) ref count == 2
d3d      D          d3d_bmp.cpp:467  _al_d3d_sync_bitmap              [   2.86572] _al_d3d_sync_bitmap (system) ref count == 1
d3d      D          d3d_bmp.cpp:473  _al_d3d_sync_bitmap              [   2.86574] _al_d3d_sync_bitmap (video) ref count == 2
font     D                ttf.c:217  alloc_glyph_region               [   3.00352] Glyph 27: 9x15 (12x16)
d3d      D          d3d_bmp.cpp:467  _al_d3d_sync_bitmap              [   3.00355] _al_d3d_sync_bitmap (system) ref count == 1
d3d      D          d3d_bmp.cpp:473  _al_d3d_sync_bitmap              [   3.00356] _al_d3d_sync_bitmap (video) ref count == 2
d3d      D          d3d_bmp.cpp:467  _al_d3d_sync_bitmap              [   3.00474] _al_d3d_sync_bitmap (system) ref count == 1
d3d      D          d3d_bmp.cpp:473  _al_d3d_sync_bitmap              [   3.00476] _al_d3d_sync_bitmap (video) ref count == 2
font     D                ttf.c:217  alloc_glyph_region               [   3.28086] Glyph 28: 11x15 (12x16)
d3d      D          d3d_bmp.cpp:467  _al_d3d_sync_bitmap              [   3.28089] _al_d3d_sync_bitmap (system) ref count == 1
d3d      D          d3d_bmp.cpp:473  _al_d3d_sync_bitmap              [   3.28090] _al_d3d_sync_bitmap (video) ref count == 2
d3d      D          d3d_bmp.cpp:467  _al_d3d_sync_bitmap              [   3.28167] _al_d3d_sync_bitmap (system) ref count == 1
d3d      D          d3d_bmp.cpp:473  _al_d3d_sync_bitmap              [   3.28168] _al_d3d_sync_bitmap (video) ref count == 2
d3d      I         d3d_disp.cpp:921  d3d_destroy_display              [  43.99618] destroying display 02757068 (current 00000000)
bitmap   D             bitmap.c:548  _al_convert_to_memory_bitmap     [  43.99625] converting display bitmap 027FB2B8 to memory bitmap
d3d      D          d3d_bmp.cpp:467  _al_d3d_sync_bitmap              [  43.99662] _al_d3d_sync_bitmap (system) ref count == 1
d3d      D          d3d_bmp.cpp:473  _al_d3d_sync_bitmap              [  43.99664] _al_d3d_sync_bitmap (video) ref count == 2
d3d      W          d3d_bmp.cpp:743  d3d_destroy_bitmap               [  43.99774] d3d_destroy_bitmap: Release video texture failed.
bitmap   D             bitmap.c:548  _al_convert_to_memory_bitmap     [  43.99783] converting display bitmap 027FA7B8 to memory bitmap
d3d      D          d3d_bmp.cpp:467  _al_d3d_sync_bitmap              [  43.99788] _al_d3d_sync_bitmap (system) ref count == 1
d3d      D          d3d_bmp.cpp:473  _al_d3d_sync_bitmap              [  43.99789] _al_d3d_sync_bitmap (video) ref count == 1
bitmap   D             bitmap.c:548  _al_convert_to_memory_bitmap     [  43.99863] converting display bitmap 027FA6B8 to memory bitmap
d3d      D          d3d_bmp.cpp:467  _al_d3d_sync_bitmap              [  43.99867] _al_d3d_sync_bitmap (system) ref count == 1
d3d      D          d3d_bmp.cpp:473  _al_d3d_sync_bitmap              [  43.99868] _al_d3d_sync_bitmap (video) ref count == 1
bitmap   D             bitmap.c:548  _al_convert_to_memory_bitmap     [  43.99960] converting display bitmap 027FA3B8 to memory bitmap
d3d      D          d3d_bmp.cpp:467  _al_d3d_sync_bitmap              [  44.00170] _al_d3d_sync_bitmap (system) ref count == 1
d3d      D          d3d_bmp.cpp:473  _al_d3d_sync_bitmap              [  44.00172] _al_d3d_sync_bitmap (video) ref count == 1
d3d      D         d3d_disp.cpp:905  d3d_destroy_display_internals    [  44.00521] waiting for display 02757068's thread to end
d3d      W         d3d_disp.cpp:617  d3d_destroy_device               [  44.00990] d3d_destroy_device: ref count not 0
d3d      I         d3d_disp.cpp:1527 d3d_display_thread_proc          [  44.02271] d3d display thread exits
dtor     D               dtor.c:214  _al_unregister_destructor        [  44.02369] removed dtor for object 027FA3B8
dtor     D               dtor.c:214  _al_unregister_destructor        [  44.02421] removed dtor for object 027FA6B8
dtor     D               dtor.c:214  _al_unregister_destructor        [  44.02425] removed dtor for object 027FA7B8
dtor     D               dtor.c:214  _al_unregister_destructor        [  44.02451] removed dtor for object 04A7B1A0
dtor     D               dtor.c:214  _al_unregister_destructor        [  44.02453] removed dtor for object 04A60538
dtor     D               dtor.c:214  _al_unregister_destructor        [  44.02464] removed dtor for object 04A7CAA0
dtor     D               dtor.c:214  _al_unregister_destructor        [  44.02466] removed dtor for object 04A89720
audio-dsound D           dsound.cpp:526  _dsound_stop_voice               [  44.02467] Stopping voice
audio-dsound D           dsound.cpp:542  _dsound_stop_voice               [  44.02468] Joining thread
audio-dsound D           dsound.cpp:548  _dsound_stop_voice               [  44.02792] Joined thread
audio-dsound D           dsound.cpp:550  _dsound_stop_voice               [  44.02795] Destroying thread
audio-dsound D           dsound.cpp:552  _dsound_stop_voice               [  44.02796] Thread destroyed
audio-dsound D           dsound.cpp:555  _dsound_stop_voice               [  44.02797] Releasing buffer
audio-dsound I           dsound.cpp:559  _dsound_stop_voice               [  44.02799] Voice stopped
dtor     D               dtor.c:214  _al_unregister_destructor        [  44.02801] removed dtor for object 006B45B8
audio-dsound D           dsound.cpp:375  _dsound_deallocate_voice         [  44.02802] Deallocating voice
audio-dsound D           dsound.cpp:380  _dsound_deallocate_voice         [  44.02803] Deallocated voice
audio-dsound D           dsound.cpp:289  _dsound_close                    [  44.02805] Releasing device
audio-dsound D           dsound.cpp:291  _dsound_close                    [  44.03657] Released device
audio-dsound I           dsound.cpp:294  _dsound_close                    [  44.03660] DirectSound closed
font     E                ttf.c:885  al_shutdown_ttf_addon            [  44.03668] TTF addon not initialised.
