c:\users\student\ai_assignment2\gameai\steering\debug\vc140.pdb
c:\users\student\ai_assignment2\gameai\steering\debug\vc140.idb
c:\users\student\ai_assignment2\gameai\steering\debug\game.obj
c:\users\student\ai_assignment2\gameai\steering\debug\gamemessage.obj
c:\users\student\ai_assignment2\gameai\steering\debug\gamemessagemanager.obj
c:\users\student\ai_assignment2\gameai\steering\debug\graphicsbuffer.obj
c:\users\student\ai_assignment2\gameai\steering\debug\graphicsbuffermanager.obj
c:\users\student\ai_assignment2\gameai\steering\debug\graphicssystem.obj
c:\users\student\ai_assignment2\gameai\steering\debug\inputsystem.obj
c:\users\student\ai_assignment2\gameai\steering\debug\kinematic.obj
c:\users\student\ai_assignment2\gameai\steering\debug\kinematicarrivesteering.obj
c:\users\student\ai_assignment2\gameai\steering\debug\kinematicseeksteering.obj
c:\users\student\ai_assignment2\gameai\steering\debug\kinematicunit.obj
c:\users\student\ai_assignment2\gameai\steering\debug\kinematicwandersteering.obj
c:\users\student\ai_assignment2\gameai\steering\debug\main.obj
c:\users\student\ai_assignment2\gameai\steering\debug\playermovetomessage.obj
c:\users\student\ai_assignment2\gameai\steering\debug\steering.obj
c:\users\student\ai_assignment2\gameai\steering\debug\wall.obj
c:\users\student\ai_assignment2\gameai\steering\debug\wallmanager.obj
c:\users\student\ai_assignment2\gameai\steering\debug\addingmessage.obj
c:\users\student\ai_assignment2\gameai\steering\debug\dynamicarrivesteering.obj
c:\users\student\ai_assignment2\gameai\steering\debug\dynamicseeksteering.obj
c:\users\student\ai_assignment2\gameai\steering\debug\dynamicwanderseeksteering.obj
c:\users\student\ai_assignment2\gameai\steering\debug\unitmanager.obj
c:\users\student\ai_assignment2\gameai\steering\debug\sprite.obj
c:\users\student\ai_assignment2\gameai\steering\debug\spritemanager.obj
c:\users\student\ai_assignment2\gameai\steering\debug\boxcollider.obj
c:\users\student\ai_assignment2\gameai\steering\debug\debugmessage.obj
c:\users\student\egp-410-ai\gameai\steering\debug\vc140.pdb
c:\users\student\egp-410-ai\gameai\steering\debug\vc140.idb
c:\users\student\egp-410-ai\gameai\steering\debug\gamemessage.obj
c:\users\student\egp-410-ai\gameai\steering\debug\gamemessagemanager.obj
c:\users\student\egp-410-ai\gameai\steering\debug\graphicsbuffer.obj
c:\users\student\egp-410-ai\gameai\steering\debug\graphicsbuffermanager.obj
c:\users\student\egp-410-ai\gameai\steering\debug\graphicssystem.obj
c:\users\student\egp-410-ai\gameai\steering\debug\inputsystem.obj
c:\users\student\egp-410-ai\gameai\steering\debug\kinematic.obj
c:\users\student\egp-410-ai\gameai\steering\debug\kinematicarrivesteering.obj
c:\users\student\egp-410-ai\gameai\steering\debug\kinematicseeksteering.obj
c:\users\student\egp-410-ai\gameai\steering\debug\kinematicunit.obj
c:\users\student\egp-410-ai\gameai\steering\debug\kinematicwandersteering.obj
c:\users\student\egp-410-ai\gameai\steering\debug\main.obj
c:\users\student\egp-410-ai\gameai\steering\debug\playermovetomessage.obj
c:\users\student\egp-410-ai\gameai\steering\debug\seperationsteering.obj
c:\users\student\egp-410-ai\gameai\steering\debug\sprite.obj
c:\users\student\egp-410-ai\gameai\steering\debug\spritemanager.obj
c:\users\student\egp-410-ai\gameai\steering\debug\steering.obj
c:\users\student\egp-410-ai\gameai\steering\debug\unitmanager.obj
c:\users\student\egp-410-ai\gameai\steering\debug\addingmessage.obj
c:\users\student\egp-410-ai\gameai\steering\debug\alignmentsteering.obj
c:\users\student\egp-410-ai\gameai\steering\debug\boidsteering.obj
c:\users\student\egp-410-ai\gameai\steering\debug\boxcollider.obj
c:\users\student\egp-410-ai\gameai\steering\debug\cohesionsteering.obj
c:\users\student\egp-410-ai\gameai\steering\debug\debugmessage.obj
c:\users\student\egp-410-ai\gameai\steering\debug\dynamicarrivesteering.obj
c:\users\student\egp-410-ai\gameai\steering\debug\dynamicseeksteering.obj
c:\users\student\egp-410-ai\gameai\steering\debug\dynamicwanderseeksteering.obj
c:\users\student\egp-410-ai\gameai\steering\debug\game.obj
c:\users\student\egp-410-ai\gameai\steering\debug\wall.obj
c:\users\student\egp-410-ai\gameai\steering\debug\wallmanager.obj
c:\users\student\ai_assignment2\gameai\steering\debug\steering.ilk
c:\users\student\ai_assignment2\gameai\steering\debug\steering.exe
c:\users\student\ai_assignment2\gameai\steering\debug\steering.pdb
c:\users\student\egp-410-ai\gameai\steering\debug\steering.ilk
c:\users\student\egp-410-ai\gameai\steering\debug\steering.exe
c:\users\student\egp-410-ai\gameai\steering\debug\steering.pdb
c:\users\student\egp-410-ai\gameai\steering\debug\steering.tlog\cl.command.1.tlog
c:\users\student\egp-410-ai\gameai\steering\debug\steering.tlog\cl.read.1.tlog
c:\users\student\egp-410-ai\gameai\steering\debug\steering.tlog\cl.write.1.tlog
c:\users\student\egp-410-ai\gameai\steering\debug\steering.tlog\link.command.1.tlog
c:\users\student\egp-410-ai\gameai\steering\debug\steering.tlog\link.read.1.tlog
c:\users\student\egp-410-ai\gameai\steering\debug\steering.tlog\link.write.1.tlog
